<?xml version="1.0"?><coverage lines-covered="1748" lines-valid="1825" line-rate="0.9578082191780822" branches-covered="0" branches-valid="0" branch-rate="0" complexity="0" version="1.9" timestamp="1772320240"><sources><source>C:\Users\x4g4p\CascadeProjects\lme-rs</source></sources><packages><package name="src" line-rate="0.9578082191780822" branch-rate="0" complexity="0"><classes><class name="anova" filename="src\anova.rs" line-rate="0.5396825396825397" branch-rate="0" complexity="0"><methods/><lines><line number="32" hits="288230376151711744"/><line number="33" hits="1152921504606846976"/><line number="34" hits="576460752303423488"/><line number="35" hits="0"/><line number="39" hits="576460752303423488"/><line number="40" hits="864691128455135232"/><line number="41" hits="864691128455135232"/><line number="43" hits="288230376151711744"/><line number="44" hits="0"/><line number="47" hits="864691128455135232"/><line number="48" hits="864691128455135232"/><line number="49" hits="864691128455135232"/><line number="50" hits="864691128455135232"/><line number="51" hits="864691128455135232"/><line number="54" hits="720575940379279360"/><line number="56" hits="360287970189639680"/><line number="57" hits="144115188075855872"/><line number="59" hits="72057594037927936"/><line number="60" hits="72057594037927936"/><line number="65" hits="144115188075855872"/><line number="66" hits="72057594037927936"/><line number="68" hits="0"/><line number="69" hits="0"/><line number="75" hits="1080863910568919040"/><line number="76" hits="216172782113783808"/><line number="79" hits="648518346341351424"/><line number="80" hits="648518346341351424"/><line number="81" hits="1080863910568919040"/><line number="84" hits="864691128455135232"/><line number="85" hits="648518346341351424"/><line number="86" hits="432345564227567616"/><line number="89" hits="216172782113783808"/><line number="90" hits="432345564227567616"/><line number="91" hits="432345564227567616"/><line number="92" hits="432345564227567616"/><line number="93" hits="432345564227567616"/><line number="94" hits="216172782113783808"/><line number="95" hits="216172782113783808"/><line number="102" hits="0"/><line number="103" hits="0"/><line number="104" hits="0"/><line number="105" hits="0"/><line number="107" hits="0"/><line number="108" hits="0"/><line number="110" hits="0"/><line number="111" hits="0"/><line number="112" hits="0"/><line number="113" hits="0"/><line number="114" hits="0"/><line number="115" hits="0"/><line number="116" hits="0"/><line number="117" hits="0"/><line number="118" hits="0"/><line number="120" hits="0"/><line number="123" hits="0"/><line number="124" hits="0"/><line number="126" hits="0"/><line number="127" hits="0"/><line number="128" hits="0"/><line number="129" hits="0"/><line number="130" hits="0"/><line number="135" hits="0"/><line number="136" hits="0"/></lines></class><class name="family" filename="src\family.rs" line-rate="0.9943502824858758" branch-rate="0" complexity="0"><methods/><lines><line number="56" hits="2017612633061982274"/><line number="57" hits="16717361816799282146"/><line number="59" hits="13835058055282167160"/><line number="60" hits="6917529027641083580"/><line number="64" hits="13258597302978740224"/><line number="65" hits="1152921504606847051"/><line number="66" hits="4611686018427388054"/><line number="68" hits="16140901064495857889"/><line number="72" hits="13402712491054596096"/><line number="73" hits="1657324662872343126"/><line number="74" hits="5044031582654956716"/><line number="75" hits="5044031582654956716"/><line number="77" hits="5044031582654956716"/><line number="81" hits="432345564227567616"/><line number="89" hits="2017612633061982208"/><line number="90" hits="6557241057451443970"/><line number="93" hits="12826251738751172608"/><line number="95" hits="17077649786988920949"/><line number="98" hits="12754194144713244672"/><line number="100" hits="7349874591868650572"/><line number="103" hits="432345564227567616"/><line number="111" hits="3242591731706757120"/><line number="112" hits="6485183463413514240"/><line number="115" hits="6557241057451442176"/><line number="116" hits="13114482114902884352"/><line number="119" hits="6413125869375586304"/><line number="120" hits="792633534417207296"/><line number="123" hits="864691128455135232"/><line number="133" hits="144115188075855872"/><line number="135" hits="432345564227567616"/><line number="136" hits="576460752303423763"/><line number="137" hits="1152921504606848076"/><line number="138" hits="864691128455136057"/><line number="142" hits="144115188075855872"/><line number="144" hits="432345564227567616"/><line number="145" hits="576460752303423488"/><line number="146" hits="1152921504606846976"/><line number="147" hits="864691128455135232"/><line number="151" hits="72057594037927936"/><line number="153" hits="216172782113783808"/><line number="154" hits="432345564227567616"/><line number="157" hits="216172782113783808"/><line number="165" hits="144115188075855872"/><line number="166" hits="576460752303423488"/><line number="167" hits="1152921504606846976"/><line number="168" hits="576460752303423488"/><line number="172" hits="72057594037927936"/><line number="173" hits="360287970189639680"/><line number="174" hits="648518346341351424"/><line number="175" hits="648518346341351424"/><line number="179" hits="72057594037927936"/><line number="180" hits="216172782113783808"/><line number="181" hits="216172782113783808"/><line number="182" hits="216172782113783808"/><line number="183" hits="216172782113783808"/><line number="184" hits="144115188075855872"/><line number="188" hits="216172782113783808"/><line number="196" hits="144115188075855872"/><line number="197" hits="864691128455135232"/><line number="200" hits="72057594037927936"/><line number="201" hits="576460752303423488"/><line number="204" hits="72057594037927936"/><line number="206" hits="216172782113783808"/><line number="207" hits="216172782113783808"/><line number="208" hits="144115188075855872"/><line number="212" hits="216172782113783808"/><line number="220" hits="144115188075855872"/><line number="221" hits="1369094286720630784"/><line number="224" hits="144115188075855872"/><line number="225" hits="648518346341351424"/><line number="226" hits="1080863910568919040"/><line number="227" hits="360287970189639680"/><line number="231" hits="72057594037927936"/><line number="233" hits="288230376151711744"/><line number="236" hits="216172782113783808"/><line number="248" hits="2522015791327477760"/><line number="254" hits="72057594037927936"/><line number="255" hits="72057594037927936"/><line number="260" hits="13474770085092524032"/><line number="261" hits="1945555039024054272"/><line number="262" hits="10664523917613334528"/><line number="263" hits="11889503016258109440"/><line number="267" hits="1729382256910270464"/><line number="270" hits="5188146770730811392"/><line number="271" hits="5188146770730811392"/><line number="272" hits="13763000461244235776"/><line number="273" hits="5620492334958379008"/><line number="274" hits="11240984669916758016"/><line number="275" hits="5620492334958379008"/><line number="276" hits="5620492334958379008"/><line number="277" hits="10160120759347839051"/><line number="278" hits="14699749183737299094"/><line number="280" hits="7566047373982433288"/><line number="281" hits="9511602413006487568"/><line number="283" hits="5620492334958379008"/><line number="285" hits="1729382256910270464"/><line number="288" hits="5836665117072163014"/><line number="289" hits="648518346341351424"/><line number="290" hits="648518346341351424"/><line number="292" hits="1945555039024054272"/><line number="294" hits="16429131440647570006"/><line number="297" hits="1729382256910270464"/><line number="298" hits="1729382256910270464"/><line number="309" hits="2738188573441261568"/><line number="315" hits="72057594037927936"/><line number="316" hits="72057594037927936"/><line number="321" hits="12826251738751172608"/><line number="323" hits="7493989779944505494"/><line number="326" hits="1945555039024054272"/><line number="328" hits="5836665117072162816"/><line number="329" hits="5836665117072162816"/><line number="330" hits="8646911284551352320"/><line number="331" hits="13402712491054596096"/><line number="332" hits="1657324662872342528"/><line number="333" hits="13402712491054596096"/><line number="334" hits="13402712491054596096"/><line number="335" hits="7710162562058289191"/><line number="336" hits="2017612633061982286"/><line number="338" hits="13402712491054596096"/><line number="340" hits="1945555039024054272"/><line number="343" hits="5836665117072162897"/><line number="344" hits="648518346341351424"/><line number="345" hits="432345564227567616"/><line number="347" hits="1945555039024054272"/><line number="349" hits="10736581511651262739"/><line number="352" hits="1945555039024054272"/><line number="353" hits="1945555039024054272"/><line number="364" hits="4179340454199820288"/><line number="370" hits="72057594037927936"/><line number="371" hits="72057594037927936"/><line number="376" hits="6341068275337658368"/><line number="377" hits="576460752303423488"/><line number="380" hits="3242591731706757120"/><line number="382" hits="6485183463413514240"/><line number="383" hits="6485183463413514240"/><line number="386" hits="10592466323575406592"/><line number="387" hits="1080863910568919040"/><line number="388" hits="864691128455135232"/><line number="390" hits="3242591731706757120"/><line number="391" hits="6485183463413514240"/><line number="394" hits="3170534137668829184"/><line number="395" hits="3170534137668829184"/><line number="409" hits="648518346341351424"/><line number="415" hits="72057594037927936"/><line number="416" hits="72057594037927936"/><line number="421" hits="72057594037927936"/><line number="423" hits="216172782113783847"/><line number="424" hits="216172782113783925"/><line number="425" hits="72057594037927975"/><line number="429" hits="144115188075855872"/><line number="431" hits="432345564227567616"/><line number="432" hits="432345564227567616"/><line number="433" hits="432345564227567616"/><line number="434" hits="576460752303423488"/><line number="435" hits="576460752303423488"/><line number="436" hits="432345564227567616"/><line number="437" hits="576460752303423488"/><line number="439" hits="144115188075855872"/><line number="442" hits="0"/><line number="443" hits="432345564227567616"/><line number="444" hits="648518346341351424"/><line number="446" hits="72057594037927936"/><line number="448" hits="432345564227567616"/><line number="451" hits="144115188075855872"/><line number="452" hits="144115188075855872"/><line number="473" hits="1369094286720630784"/><line number="474" hits="1369094286720630784"/><line number="475" hits="288230376151711744"/><line number="476" hits="288230376151711744"/><line number="477" hits="720575940379279360"/><line number="478" hits="72057594037927936"/><line number="484" hits="288230376151711744"/><line number="485" hits="288230376151711744"/><line number="486" hits="216172782113783808"/><line number="487" hits="216172782113783808"/><line number="488" hits="216172782113783808"/><line number="489" hits="216172782113783808"/></lines></class><class name="formula" filename="src\formula.rs" line-rate="1" branch-rate="0" complexity="0"><methods/><lines><line number="47" hits="6629298651489371461"/><line number="48" hits="1441151880758562767"/><line number="49" hits="1441151880758562767"/><line number="50" hits="1441151880758562767"/><line number="51" hits="1441151880758562767"/><line number="52" hits="6629298651489371461"/><line number="54" hits="8070450532247934228"/><line number="55" hits="6629298651489371461"/><line number="58" hits="1441151880758562767"/><line number="59" hits="13258597302978742922"/><line number="61" hits="6629298651489371461"/><line number="66" hits="6845471433603153920"/><line number="67" hits="7349874591868649472"/><line number="69" hits="1008806316530991104"/><line number="70" hits="1008806316530991104"/><line number="71" hits="1513209474796486656"/><line number="73" hits="7710162562058289152"/><line number="74" hits="12393906174523604992"/><line number="75" hits="6196953087261802496"/><line number="76" hits="576460752303423488"/><line number="77" hits="576460752303423488"/><line number="78" hits="504403158265495552"/><line number="79" hits="504403158265495552"/><line number="84" hits="1008806316530991104"/><line number="85" hits="2017612633061982208"/><line number="88" hits="1008806316530991104"/><line number="89" hits="1008806316530991104"/><line number="91" hits="1513209474796486656"/><line number="92" hits="1513209474796486656"/><line number="95" hits="3530822107858468864"/><line number="107" hits="504403158265495552"/><line number="111" hits="12682136550675316736"/><line number="117" hits="6917529027641081856"/><line number="118" hits="2305843009213693952"/><line number="122" hits="14267403619509731328"/><line number="123" hits="14267403619509731328"/><line number="124" hits="2954361355555045376"/><line number="125" hits="14267403619509731328"/><line number="127" hits="8646911284551352320"/><line number="128" hits="15636497906230362112"/><line number="130" hits="14699749183737298946"/><line number="131" hits="14699749183737298946"/><line number="132" hits="14699749183737298946"/><line number="133" hits="1369094286720630786"/><line number="134" hits="10520408729537478654"/><line number="135" hits="11168927075878830078"/><line number="136" hits="14483576401623515135"/><line number="138" hits="3602879701896396803"/><line number="139" hits="3602879701896396803"/><line number="142" hits="14699749183737298946"/><line number="143" hits="3602879701896396803"/><line number="144" hits="3602879701896396803"/><line number="146" hits="14699749183737298946"/><line number="149" hits="2305843009213693952"/><line number="150" hits="432345564227567616"/><line number="151" hits="432345564227567616"/><line number="152" hits="1441151880758558720"/><line number="153" hits="720575940379279360"/><line number="154" hits="432345564227567616"/><line number="156" hits="576460752303423488"/><line number="158" hits="2017612633061982208"/><line number="160" hits="864691128455135232"/><line number="161" hits="216172782113783808"/><line number="162" hits="216172782113783808"/><line number="163" hits="216172782113783808"/><line number="167" hits="2954361355555045379"/><line number="168" hits="7133701809754865665"/><line number="170" hits="17582052945254416380"/><line number="171" hits="9007199254740991999"/><line number="175" hits="7133701809754865664"/><line number="176" hits="6917529027641081856"/><line number="178" hits="432345564227567616"/><line number="181" hits="6917529027641081856"/><line number="186" hits="6701356245527298048"/><line number="187" hits="1657324662872342528"/><line number="191" hits="13546827679130451968"/><line number="192" hits="13546827679130451968"/><line number="193" hits="1873497444986126336"/><line number="194" hits="13546827679130451968"/><line number="196" hits="18158513697557839872"/><line number="197" hits="11529215046068469760"/><line number="199" hits="13546827679130451970"/><line number="200" hits="13546827679130451970"/><line number="201" hits="13546827679130451970"/><line number="202" hits="2305843009213693953"/><line number="203" hits="5908722711110090750"/><line number="204" hits="6557241057451442174"/><line number="205" hits="2954361355555045375"/><line number="207" hits="1873497444986126339"/><line number="208" hits="1873497444986126339"/><line number="211" hits="6845471433603153922"/><line number="212" hits="216172782113783811"/><line number="213" hits="216172782113783811"/><line number="218" hits="216172782113783811"/><line number="219" hits="216172782113783811"/><line number="220" hits="72057594037927937"/><line number="221" hits="72057594037927937"/><line number="222" hits="72057594037927937"/><line number="225" hits="1657324662872342528"/><line number="226" hits="6701356245527298048"/><line number="228" hits="1729382256910270460"/><line number="229" hits="5044031582654955519"/><line number="233" hits="6773413839565225984"/><line number="234" hits="6701356245527298048"/><line number="236" hits="144115188075855872"/><line number="239" hits="6701356245527298048"/></lines></class><class name="glmm_math" filename="src\glmm_math.rs" line-rate="0.9663461538461539" branch-rate="0" complexity="0"><methods/><lines><line number="54" hits="6773413839565225985"/><line number="61" hits="1873497444986126339"/><line number="63" hits="1873497444986126339"/><line number="64" hits="13546827679130451970"/><line number="65" hits="1873497444986126339"/><line number="66" hits="1873497444986126336"/><line number="67" hits="3746994889972252530"/><line number="68" hits="3746994889972252252"/><line number="69" hits="3746994889972252252"/><line number="70" hits="1729382256910270299"/><line number="71" hits="18158513697557840241"/><line number="72" hits="8646911284551352598"/><line number="73" hits="8646911284551352598"/><line number="74" hits="8646911284551352598"/><line number="77" hits="12393906174523605687"/><line number="78" hits="8646911284551352598"/><line number="80" hits="8646911284551352598"/><line number="81" hits="8646911284551352598"/><line number="82" hits="8646911284551352598"/><line number="84" hits="12393906174523605967"/><line number="85" hits="13546827679130452247"/><line number="86" hits="13546827679130452247"/><line number="87" hits="13546827679130452247"/><line number="90" hits="3746994889972252811"/><line number="91" hits="17293822569102704640"/><line number="103" hits="6557241057451442176"/><line number="104" hits="1224979098644774912"/><line number="105" hits="12682136550675316736"/><line number="106" hits="216172782113783808"/><line number="111" hits="72057594037927936"/><line number="112" hits="288230376151711744"/><line number="117" hits="6917529027641081856"/><line number="118" hits="2305843009213693952"/><line number="119" hits="2305843009213693952"/><line number="120" hits="2305843009213693952"/><line number="121" hits="2305843009213693952"/><line number="124" hits="16140901064495857664"/><line number="127" hits="9223372036854775808"/><line number="128" hits="9223372036854775808"/><line number="129" hits="8502796096475496448"/><line number="130" hits="1585267068834414592"/><line number="134" hits="2305843009213693952"/><line number="136" hits="13835058055282163712"/><line number="137" hits="13835058055282163712"/><line number="138" hits="13835058055282163712"/><line number="141" hits="2305843009213693952"/><line number="143" hits="2305843009213693952"/><line number="145" hits="2449958197289549824"/><line number="147" hits="576460752303423488"/><line number="148" hits="576460752303423488"/><line number="151" hits="5044031582654955520"/><line number="152" hits="16429131440647569410"/><line number="153" hits="12898309332789100547"/><line number="154" hits="4899916394579099652"/><line number="155" hits="2449958197289549826"/><line number="159" hits="5044031582654955520"/><line number="160" hits="16429131440647571256"/><line number="161" hits="4899916394579103344"/><line number="162" hits="4899916394579103344"/><line number="167" hits="5044031582654955520"/><line number="174" hits="5044031582654955520"/><line number="175" hits="13258597302978740322"/><line number="176" hits="11096869481840902193"/><line number="178" hits="10880696699727118821"/><line number="179" hits="4899916394579100036"/><line number="181" hits="5044031582654955520"/><line number="183" hits="5044031582654955520"/><line number="184" hits="17726168133330272354"/><line number="185" hits="14843864371813154963"/><line number="187" hits="576460752303423488"/><line number="188" hits="9511602413006487552"/><line number="193" hits="5044031582654955423"/><line number="194" hits="5044031582654955520"/><line number="195" hits="9511602413006487552"/><line number="196" hits="9511602413006487358"/><line number="197" hits="97"/><line number="198" hits="97"/><line number="199" hits="97"/><line number="206" hits="9511602413006487358"/><line number="207" hits="9511602413006487358"/><line number="208" hits="9511602413006487358"/><line number="210" hits="10088063165309910458"/><line number="211" hits="5044031582654955229"/><line number="214" hits="5044031582654955229"/><line number="215" hits="6989586621679009792"/><line number="216" hits="8430738502437568427"/><line number="217" hits="10880696699727117881"/><line number="220" hits="576460752303423100"/><line number="221" hits="576460752303423100"/><line number="224" hits="5044031582654955229"/><line number="225" hits="5044031582654955229"/><line number="226" hits="6989586621679013115"/><line number="228" hits="15924728282382084116"/><line number="229" hits="8430738502437565104"/><line number="230" hits="12393906174523591336"/><line number="233" hits="4467570830351538872"/><line number="235" hits="4467570830351538872"/><line number="237" hits="13402712491054616616"/><line number="238" hits="15924728282382084116"/><line number="239" hits="15924728282382084116"/><line number="240" hits="15924728282382084116"/><line number="244" hits="5044031582654955229"/><line number="245" hits="6989586621679013115"/><line number="246" hits="17509995351216485026"/><line number="247" hits="5908722711110073647"/><line number="252" hits="5044031582654955229"/><line number="253" hits="143"/><line number="254" hits="15924728282382074216"/><line number="258" hits="9511602413006487358"/><line number="259" hits="4755801206503243479"/><line number="260" hits="8935141660703063858"/><line number="261" hits="288230376151711750"/><line number="262" hits="288230376151711750"/><line number="263" hits="288230376151711750"/><line number="264" hits="288230376151711750"/><line number="265" hits="288230376151711750"/><line number="266" hits="288230376151711750"/><line number="267" hits="288230376151711750"/><line number="272" hits="8935141660703063858"/><line number="273" hits="13114482114902883837"/><line number="274" hits="13114482114902883837"/><line number="277" hits="5764607523034234782"/><line number="278" hits="2594073385365405706"/><line number="279" hits="15708555500268290051"/><line number="280" hits="5188146770730811390"/><line number="282" hits="2594073385365405706"/><line number="286" hits="8935141660703063858"/><line number="287" hits="17870283321406127716"/><line number="290" hits="4179340454199819979"/><line number="291" hits="6773413839565225713"/><line number="292" hits="17582052945254416377"/><line number="293" hits="14987979559889010643"/><line number="296" hits="4179340454199819979"/><line number="298" hits="8935141660703063858"/><line number="299" hits="16285016252571711189"/><line number="300" hits="2594073385365403452"/><line number="302" hits="17870283321406127716"/><line number="305" hits="17870283321406127716"/><line number="306" hits="14987979559889010793"/><line number="307" hits="11168927075878830392"/><line number="310" hits="13690942867206307737"/><line number="311" hits="924"/><line number="315" hits="8935141660703063858"/><line number="318" hits="12249790986447748496"/><line number="319" hits="2017612633061981792"/><line number="322" hits="10232178353385766704"/><line number="323" hits="11096869481840902136"/><line number="324" hits="864691128455135432"/><line number="327" hits="2017612633061981792"/><line number="330" hits="15348267530078650056"/><line number="331" hits="15348267530078650056"/><line number="332" hits="15348267530078650056"/><line number="333" hits="10232178353385766689"/><line number="334" hits="2017612633061981732"/><line number="335" hits="3170534137668829176"/><line number="337" hits="12610078956637389133"/><line number="338" hits="14555633995661443294"/><line number="339" hits="16429131440647569519"/><line number="340" hits="18230571291595767808"/><line number="345" hits="10232178353385766704"/><line number="347" hits="5116089176692883352"/><line number="348" hits="10232178353385766704"/><line number="349" hits="10232178353385766704"/><line number="350" hits="10232178353385766704"/><line number="351" hits="10232178353385766704"/><line number="352" hits="10232178353385766704"/><line number="353" hits="10232178353385766704"/><line number="354" hits="10232178353385766704"/><line number="355" hits="10232178353385766704"/><line number="356" hits="5116089176692883352"/><line number="357" hits="5116089176692883352"/><line number="361" hits="7061644215716937728"/><line number="365" hits="0"/><line number="367" hits="0"/><line number="368" hits="0"/><line number="369" hits="0"/><line number="370" hits="0"/><line number="371" hits="0"/><line number="372" hits="0"/><line number="377" hits="6917529027641081856"/><line number="378" hits="2305843009213693952"/><line number="379" hits="13835058055282163712"/><line number="380" hits="13835058055282163712"/><line number="382" hits="2305843009213693952"/><line number="383" hits="13835058055282163712"/><line number="384" hits="13835058055282163712"/><line number="386" hits="15636497906230362112"/><line number="387" hits="7710162562058289152"/><line number="388" hits="17437937757178560512"/><line number="389" hits="16717361816799281167"/><line number="390" hits="14987979559889010742"/><line number="391" hits="6701356245527298108"/><line number="392" hits="8718968878589280268"/><line number="396" hits="6917529027641081856"/><line number="397" hits="6917529027641081856"/><line number="400" hits="13835058055282163712"/><line number="406" hits="72057594037927936"/><line number="407" hits="216172782113783808"/><line number="408" hits="216172782113783808"/><line number="409" hits="216172782113783808"/><line number="411" hits="504403158265495552"/><line number="412" hits="432345564227567616"/><line number="413" hits="576460752303423488"/><line number="414" hits="1441151880758558720"/><line number="415" hits="864691128455135232"/><line number="417" hits="576460752303423488"/><line number="418" hits="1152921504606846976"/><line number="423" hits="144115188075855872"/></lines></class><class name="kenward_roger" filename="src\kenward_roger.rs" line-rate="0.926829268292683" branch-rate="0" complexity="0"><methods/><lines><line number="18" hits="216172782113783808"/><line number="19" hits="432345564227567616"/><line number="20" hits="0"/><line number="21" hits="0"/><line number="25" hits="864691128455135232"/><line number="26" hits="0"/><line number="29" hits="864691128455135232"/><line number="30" hits="0"/><line number="37" hits="648518346341351424"/><line number="38" hits="864691128455135232"/><line number="40" hits="2161727821137838080"/><line number="41" hits="648518346341351424"/><line number="43" hits="648518346341351424"/><line number="44" hits="648518346341351424"/><line number="47" hits="432345564227567616"/><line number="50" hits="1297036692682702848"/><line number="51" hits="432345564227567616"/><line number="52" hits="648518346341351424"/><line number="53" hits="648518346341351424"/><line number="54" hits="432345564227567616"/><line number="57" hits="11457157452030541824"/><line number="58" hits="864691128455135232"/><line number="59" hits="4035225266123964416"/><line number="60" hits="4035225266123964416"/><line number="61" hits="4035225266123964416"/><line number="62" hits="8070450532247928832"/><line number="63" hits="15276209936040722432"/><line number="66" hits="432345564227567616"/><line number="67" hits="648518346341351424"/><line number="68" hits="2161727821137838080"/><line number="69" hits="216172782113783808"/><line number="72" hits="648518346341351424"/><line number="73" hits="1080863910568919040"/><line number="74" hits="3891110078048108544"/><line number="75" hits="6485183463413514240"/><line number="76" hits="6485183463413514240"/><line number="77" hits="6485183463413514240"/><line number="78" hits="6485183463413514240"/><line number="81" hits="6701356245527298048"/><line number="82" hits="7349874591868649472"/><line number="84" hits="4323455642275676160"/><line number="85" hits="4323455642275676160"/><line number="86" hits="4323455642275676160"/><line number="87" hits="4323455642275676160"/><line number="89" hits="10808639105689190400"/><line number="90" hits="10808639105689190400"/><line number="91" hits="10808639105689190400"/><line number="92" hits="10808639105689190400"/><line number="94" hits="6485183463413514240"/><line number="95" hits="4323455642275676160"/><line number="96" hits="4323455642275676160"/><line number="99" hits="2594073385365405696"/><line number="100" hits="2594073385365405696"/><line number="101" hits="2810246167479189504"/><line number="102" hits="864691128455135232"/><line number="103" hits="864691128455135232"/><line number="105" hits="4323455642275676160"/><line number="106" hits="4323455642275676160"/><line number="107" hits="4323455642275676160"/><line number="109" hits="2594073385365405696"/><line number="110" hits="1729382256910270464"/><line number="113" hits="864691128455135232"/><line number="114" hits="0"/><line number="118" hits="432345564227567616"/><line number="121" hits="864691128455135232"/><line number="122" hits="0"/><line number="124" hits="864691128455135232"/><line number="125" hits="432345564227567616"/><line number="128" hits="11889503016258109440"/><line number="129" hits="3026418949592973312"/><line number="130" hits="9799832789158199296"/><line number="131" hits="16573246628723425280"/><line number="135" hits="648518346341351424"/><line number="136" hits="1080863910568919040"/><line number="137" hits="1513209474796486656"/><line number="138" hits="2594073385365405696"/><line number="139" hits="2594073385365405696"/><line number="140" hits="1297036692682702848"/><line number="141" hits="1297036692682702848"/><line number="143" hits="3242591731706757120"/><line number="144" hits="3242591731706757120"/><line number="145" hits="1945555039024054272"/><line number="146" hits="1297036692682702848"/><line number="149" hits="648518346341351424"/><line number="154" hits="648518346341351424"/><line number="155" hits="1080863910568919040"/><line number="156" hits="4323455642275676160"/><line number="157" hits="7998392938210000896"/><line number="158" hits="7782220156096217088"/><line number="159" hits="7782220156096217088"/><line number="160" hits="7782220156096217088"/><line number="161" hits="7782220156096217088"/><line number="163" hits="5836665117072162816"/><line number="164" hits="5836665117072162816"/><line number="165" hits="5836665117072162816"/><line number="166" hits="5836665117072162816"/><line number="168" hits="9727775195120271360"/><line number="169" hits="9727775195120271360"/><line number="170" hits="9727775195120271360"/><line number="171" hits="9727775195120271360"/><line number="173" hits="7782220156096217088"/><line number="174" hits="3891110078048108544"/><line number="175" hits="4755801206503243776"/><line number="176" hits="2594073385365405696"/><line number="177" hits="2594073385365405696"/><line number="178" hits="1297036692682702848"/><line number="179" hits="1297036692682702848"/><line number="180" hits="3242591731706757120"/><line number="181" hits="3242591731706757120"/><line number="182" hits="1945555039024054272"/><line number="183" hits="3026418949592973312"/><line number="184" hits="2594073385365405696"/><line number="185" hits="2594073385365405696"/><line number="186" hits="1297036692682702848"/><line number="187" hits="1297036692682702848"/><line number="188" hits="3242591731706757120"/><line number="189" hits="3242591731706757120"/><line number="190" hits="1945555039024054272"/><line number="192" hits="864691128455135232"/><line number="207" hits="864691128455135232"/><line number="209" hits="648518346341351424"/><line number="210" hits="1080863910568919040"/><line number="211" hits="7782220156096217088"/><line number="212" hits="13835058055282163712"/><line number="213" hits="13835058055282163712"/><line number="214" hits="10376293541461622784"/><line number="215" hits="10376293541461622784"/><line number="218" hits="2305843009213693952"/><line number="221" hits="10376293541461622784"/><line number="222" hits="10376293541461622784"/><line number="226" hits="432345564227567616"/><line number="227" hits="432345564227567616"/><line number="230" hits="648518346341351424"/><line number="231" hits="648518346341351424"/><line number="233" hits="648518346341351424"/><line number="235" hits="1297036692682702848"/><line number="236" hits="432345564227567616"/><line number="238" hits="2161727821137838080"/><line number="239" hits="2161727821137838080"/><line number="241" hits="864691128455135232"/><line number="242" hits="2161727821137838080"/><line number="243" hits="15420325124116578302"/><line number="244" hits="11024811887802974201"/><line number="245" hits="11024811887802974201"/><line number="246" hits="13690942867206307838"/><line number="250" hits="864691128455135232"/><line number="251" hits="432345564227567616"/><line number="253" hits="0"/><line number="256" hits="1297036692682702848"/><line number="257" hits="0"/><line number="258" hits="432345564227567616"/><line number="259" hits="0"/><line number="262" hits="432345564227567616"/><line number="266" hits="864691128455135232"/><line number="267" hits="864691128455135232"/><line number="269" hits="0"/><line number="271" hits="864691128455135232"/><line number="273" hits="1729382256910270464"/><line number="274" hits="0"/><line number="275" hits="1297036692682702848"/><line number="276" hits="2161727821137838080"/><line number="277" hits="432345564227567616"/><line number="279" hits="0"/><line number="283" hits="216172782113783808"/></lines></class><class name="lib" filename="src\lib.rs" line-rate="0.9680284191829485" branch-rate="0" complexity="0"><methods/><lines><line number="83" hits="1585267068834414592"/><line number="85" hits="6341068275337658368"/><line number="86" hits="1585267068834446192"/><line number="89" hits="3170534137668829184"/><line number="90" hits="9295429630892703744"/><line number="91" hits="9295429630892703744"/><line number="92" hits="4755801206503243776"/><line number="93" hits="1585267068834414592"/><line number="97" hits="4755801206503243776"/><line number="98" hits="10952754293765046272"/><line number="99" hits="1729382256910270464"/><line number="102" hits="4539628424389459968"/><line number="103" hits="72057594037927936"/><line number="104" hits="72057594037927936"/><line number="105" hits="72057594037927936"/><line number="109" hits="4323455642275676160"/><line number="110" hits="15276209936040722432"/><line number="111" hits="6917529027641081856"/><line number="112" hits="11529215046068469760"/><line number="115" hits="1441151880758558720"/><line number="123" hits="72057594037927936"/><line number="124" hits="288230376151711744"/><line number="125" hits="216172782113783808"/><line number="131" hits="144115188075855872"/><line number="132" hits="720575940379279360"/><line number="133" hits="432345564227567616"/><line number="137" hits="216172782113783808"/><line number="138" hits="216172782113783808"/><line number="139" hits="144115188075855872"/><line number="140" hits="432345564227567616"/><line number="141" hits="432345564227567616"/><line number="142" hits="288230376151711744"/><line number="144" hits="72057594037927936"/><line number="153" hits="720575940379279360"/><line number="154" hits="2882303761517117440"/><line number="156" hits="2882303761517117440"/><line number="157" hits="2882303761517117440"/><line number="159" hits="2161727821137838080"/><line number="160" hits="2161727821137838080"/><line number="162" hits="1441151880758558720"/><line number="163" hits="2089670227099910144"/><line number="164" hits="2882303761517117440"/><line number="165" hits="720575940379279360"/><line number="166" hits="2161727821137838080"/><line number="167" hits="2882303761517117440"/><line number="170" hits="3602879701896396800"/><line number="171" hits="2161727821137838080"/><line number="172" hits="3170534137668829184"/><line number="173" hits="1224979098644774912"/><line number="174" hits="720575940379279360"/><line number="176" hits="2017612633061982208"/><line number="177" hits="504403158265495552"/><line number="178" hits="1513209474796486656"/><line number="179" hits="2017612633061982208"/><line number="180" hits="2522015791327477760"/><line number="183" hits="12393906174523604992"/><line number="184" hits="2017612633061982208"/><line number="187" hits="5764607523034234880"/><line number="188" hits="9511602413006487552"/><line number="190" hits="360287970189639680"/><line number="191" hits="72057594037927936"/><line number="192" hits="72057594037927936"/><line number="193" hits="72057594037927936"/><line number="197" hits="288230376151711744"/><line number="201" hits="5044031582654955520"/><line number="202" hits="9511602413006487552"/><line number="204" hits="9511602413006487552"/><line number="205" hits="5044031582654955520"/><line number="206" hits="13979173243358019584"/><line number="209" hits="11889503016258109440"/><line number="210" hits="3170534137668829184"/><line number="214" hits="648518346341351424"/><line number="217" hits="648518346341351424"/><line number="227" hits="576460752303423488"/><line number="228" hits="1008806316530991104"/><line number="229" hits="216172782113783808"/><line number="232" hits="1080863910568919040"/><line number="233" hits="360287970189639680"/><line number="235" hits="720575940379279360"/><line number="237" hits="1080863910568919040"/><line number="238" hits="1441151880758558720"/><line number="240" hits="1080863910568919040"/><line number="241" hits="1080863910568919040"/><line number="242" hits="1080863910568919040"/><line number="244" hits="1657324662872342528"/><line number="245" hits="3242591731706757120"/><line number="246" hits="2594073385365405696"/><line number="249" hits="1513209474796486656"/><line number="250" hits="288230376151711744"/><line number="253" hits="1080863910568919040"/><line number="265" hits="288230376151711744"/><line number="269" hits="864691128455135232"/><line number="270" hits="864691128455135232"/><line number="271" hits="576460752303423488"/><line number="273" hits="576460752303423488"/><line number="274" hits="864691128455135232"/><line number="276" hits="288230376151711744"/><line number="278" hits="576460752303423488"/><line number="281" hits="2882303761517117440"/><line number="282" hits="8070450532247928832"/><line number="283" hits="14987979559889010688"/><line number="286" hits="576460752303423488"/><line number="289" hits="288230376151711744"/><line number="297" hits="216172782113784593"/><line number="298" hits="1080863910568922965"/><line number="299" hits="432345564227569186"/><line number="300" hits="216172782113784593"/><line number="308" hits="216172782113783808"/><line number="309" hits="864691128455135232"/><line number="310" hits="432345564227567616"/><line number="311" hits="216172782113783808"/><line number="319" hits="72057594037927936"/><line number="320" hits="360287970189639680"/><line number="321" hits="72057594037927936"/><line number="322" hits="144115188075855872"/><line number="323" hits="72057594037927936"/><line number="350" hits="144115188075855872"/><line number="351" hits="288230376151711744"/><line number="352" hits="1152921504606846976"/><line number="353" hits="576460752303423488"/><line number="354" hits="1729382256910270464"/><line number="356" hits="144115188075855872"/><line number="368" hits="720575940379279360"/><line number="369" hits="1369094286720630784"/><line number="370" hits="720575940379279360"/><line number="371" hits="360287970189639680"/><line number="372" hits="216172782113783808"/><line number="373" hits="216172782113783808"/><line number="375" hits="1729382256910270464"/><line number="377" hits="1945555039024054272"/><line number="381" hits="1729382256910270464"/><line number="382" hits="1297036692682702848"/><line number="383" hits="1297036692682702848"/><line number="384" hits="1297036692682702848"/><line number="385" hits="2594073385365405696"/><line number="386" hits="1945555039024054272"/><line number="387" hits="1945555039024054272"/><line number="388" hits="1945555039024054272"/><line number="389" hits="1945555039024054272"/><line number="390" hits="1945555039024054272"/><line number="394" hits="1297036692682702848"/><line number="395" hits="1729382256910270464"/><line number="398" hits="2161727821137838080"/><line number="399" hits="1441151880758558720"/><line number="400" hits="2161727821137838080"/><line number="401" hits="7782220156096217088"/><line number="402" hits="17293822569102704645"/><line number="403" hits="2161727821137838080"/><line number="404" hits="720575940379279360"/><line number="405" hits="1441151880758558720"/><line number="406" hits="1441151880758558720"/><line number="407" hits="1441151880758558720"/><line number="408" hits="1441151880758558720"/><line number="409" hits="1441151880758558720"/><line number="410" hits="2161727821137838080"/><line number="411" hits="2161727821137838080"/><line number="415" hits="2161727821137838080"/><line number="416" hits="2161727821137838080"/><line number="418" hits="4107282860161892352"/><line number="419" hits="1297036692682702848"/><line number="420" hits="1297036692682702848"/><line number="422" hits="1945555039024054272"/><line number="423" hits="3242591731706757120"/><line number="424" hits="648518346341351424"/><line number="426" hits="1945555039024054272"/><line number="427" hits="1297036692682702848"/><line number="428" hits="1657324662872342528"/><line number="429" hits="4755801206503243776"/><line number="430" hits="2738188573441261568"/><line number="431" hits="1369094286720630784"/><line number="434" hits="2594073385365405696"/><line number="436" hits="1657324662872342528"/><line number="437" hits="3026418949592973312"/><line number="438" hits="3026418949592973312"/><line number="439" hits="3026418949592973312"/><line number="440" hits="2017612633061982208"/><line number="441" hits="3026418949592973312"/><line number="445" hits="648518346341351424"/><line number="446" hits="1080863910568919040"/><line number="447" hits="720575940379279360"/><line number="448" hits="720575940379279360"/><line number="449" hits="720575940379279360"/><line number="450" hits="1080863910568919040"/><line number="451" hits="1080863910568919040"/><line number="452" hits="1008806316530991104"/><line number="453" hits="2017612633061982208"/><line number="454" hits="864691128455135232"/><line number="456" hits="216172782113783808"/><line number="459" hits="2161727821137838080"/><line number="463" hits="2594073385365405696"/><line number="465" hits="3242591731706757120"/><line number="466" hits="3242591731706757120"/><line number="469" hits="2161727821137838080"/><line number="470" hits="2161727821137838080"/><line number="471" hits="1441151880758558720"/><line number="472" hits="0"/><line number="473" hits="0"/><line number="475" hits="0"/><line number="477" hits="720575940379279360"/><line number="478" hits="216172782113783808"/><line number="479" hits="1297036692682702848"/><line number="480" hits="216172782113783808"/><line number="481" hits="1152921504606846976"/><line number="482" hits="216172782113783808"/><line number="484" hits="1513209474796486656"/><line number="487" hits="4107282860161892352"/><line number="488" hits="2594073385365405696"/><line number="489" hits="5188146770730811392"/><line number="490" hits="2594073385365405696"/><line number="491" hits="2594073385365405696"/><line number="492" hits="2594073385365405696"/><line number="494" hits="1297036692682702848"/><line number="495" hits="0"/><line number="496" hits="0"/><line number="497" hits="26"/><line number="498" hits="0"/><line number="499" hits="1441151880758558720"/><line number="500" hits="288230376151711744"/><line number="501" hits="288230376151711744"/><line number="502" hits="432345564227567616"/><line number="503" hits="1297036692682702848"/><line number="504" hits="288230376151711744"/><line number="505" hits="288230376151711744"/><line number="506" hits="432345564227567616"/><line number="508" hits="3026418949592973312"/><line number="514" hits="1297036692682702848"/><line number="515" hits="1152921504606846976"/><line number="516" hits="576460752303423488"/><line number="517" hits="936748722493063168"/><line number="518" hits="1297036692682702848"/><line number="520" hits="216172782113783808"/><line number="523" hits="216172782113783808"/><line number="527" hits="720575940379279360"/><line number="553" hits="576460752303423488"/><line number="554" hits="1729382256910270464"/><line number="555" hits="72057594037927936"/><line number="556" hits="216172782113783808"/><line number="557" hits="72057594037927936"/><line number="560" hits="1513209474796486656"/><line number="561" hits="72057594037927936"/><line number="562" hits="216172782113783808"/><line number="563" hits="72057594037927936"/><line number="568" hits="1297036692682702848"/><line number="571" hits="432345564227567616"/><line number="572" hits="1729382256910270464"/><line number="573" hits="864691128455135232"/><line number="575" hits="432345564227567616"/><line number="576" hits="1729382256910270464"/><line number="578" hits="1729382256910270464"/><line number="579" hits="864691128455135232"/><line number="580" hits="1729382256910270464"/><line number="581" hits="1729382256910270464"/><line number="583" hits="144115188075855872"/><line number="586" hits="432345564227567616"/><line number="587" hits="864691128455135232"/><line number="588" hits="864691128455135232"/><line number="589" hits="864691128455135232"/><line number="590" hits="864691128455135232"/><line number="591" hits="864691128455135232"/><line number="592" hits="864691128455135232"/><line number="593" hits="864691128455135232"/><line number="594" hits="864691128455135232"/><line number="595" hits="864691128455135232"/><line number="596" hits="864691128455135232"/><line number="597" hits="864691128455135232"/><line number="598" hits="864691128455135232"/><line number="599" hits="864691128455135232"/><line number="600" hits="864691128455135232"/><line number="601" hits="864691128455135232"/><line number="602" hits="864691128455135232"/><line number="603" hits="864691128455135232"/><line number="604" hits="864691128455135232"/><line number="605" hits="864691128455135232"/><line number="606" hits="1297036692682702848"/><line number="607" hits="864691128455135232"/><line number="608" hits="864691128455135232"/><line number="609" hits="864691128455135232"/><line number="610" hits="864691128455135232"/><line number="611" hits="864691128455135232"/><line number="612" hits="864691128455135232"/><line number="613" hits="864691128455135232"/><line number="614" hits="432345564227567616"/><line number="615" hits="432345564227567616"/><line number="633" hits="3746994889972252672"/><line number="634" hits="288230376151711744"/><line number="641" hits="3819052484010180608"/><line number="642" hits="7638104968020361216"/><line number="643" hits="144115188075855872"/><line number="647" hits="11024811887802974208"/><line number="650" hits="14699749183737298944"/><line number="653" hits="18014398509481984000"/><line number="654" hits="14411518807585587200"/><line number="657" hits="3602879701896396800"/><line number="658" hits="0"/><line number="659" hits="10808639105689190400"/><line number="660" hits="3602879701896396800"/><line number="664" hits="10808639105689190400"/><line number="665" hits="7349874591868649472"/><line number="666" hits="144115188075855872"/><line number="668" hits="6917529027641081856"/><line number="673" hits="7205759403792793600"/><line number="674" hits="7205759403792793600"/><line number="675" hits="7205759403792793600"/><line number="676" hits="7205759403792793600"/><line number="677" hits="3602879701896396800"/><line number="678" hits="3602879701896396800"/><line number="679" hits="7205759403792793600"/><line number="681" hits="3602879701896396800"/><line number="682" hits="0"/><line number="685" hits="7205759403792793600"/><line number="688" hits="17582052945254416384"/><line number="689" hits="14411518807585587200"/><line number="690" hits="18014398509481984000"/><line number="691" hits="18014398509481984000"/><line number="695" hits="14411518807585587200"/><line number="696" hits="14411518807585587200"/><line number="697" hits="7205759403792793600"/><line number="698" hits="7349874591868649472"/><line number="699" hits="4827858800541171709"/><line number="700" hits="8286623314361712637"/><line number="703" hits="10808639105689190400"/><line number="706" hits="3891110078048108414"/><line number="707" hits="288230376151711614"/><line number="711" hits="7205759403792793600"/><line number="714" hits="14411518807585587200"/><line number="717" hits="18014398509481984000"/><line number="720" hits="7205759403792793600"/><line number="721" hits="7205759403792793600"/><line number="722" hits="10808639105689190400"/><line number="723" hits="7205759403792793600"/><line number="724" hits="7205759403792793600"/><line number="725" hits="7205759403792793600"/><line number="726" hits="14411518807585587200"/><line number="728" hits="3602879701896396800"/><line number="729" hits="7205759403792793600"/><line number="730" hits="7205759403792793600"/><line number="731" hits="7205759403792793600"/><line number="732" hits="7205759403792793600"/><line number="733" hits="7205759403792793600"/><line number="734" hits="7205759403792793600"/><line number="735" hits="7205759403792793600"/><line number="736" hits="7205759403792793600"/><line number="737" hits="7205759403792793600"/><line number="738" hits="7205759403792793600"/><line number="739" hits="7205759403792793600"/><line number="740" hits="7205759403792793600"/><line number="741" hits="7205759403792793600"/><line number="742" hits="7205759403792793600"/><line number="743" hits="7205759403792793600"/><line number="744" hits="7205759403792793600"/><line number="745" hits="7205759403792793600"/><line number="746" hits="7205759403792793600"/><line number="747" hits="7205759403792793600"/><line number="748" hits="10808639105689190400"/><line number="749" hits="7205759403792793600"/><line number="750" hits="7205759403792793600"/><line number="751" hits="7205759403792793600"/><line number="752" hits="7205759403792793600"/><line number="753" hits="7205759403792793600"/><line number="754" hits="7205759403792793600"/><line number="755" hits="7205759403792793600"/><line number="756" hits="3602879701896396800"/><line number="757" hits="3602879701896396800"/><line number="779" hits="432345564227567616"/><line number="780" hits="864691128455135232"/><line number="781" hits="72057594037927936"/><line number="784" hits="1080863910568919040"/><line number="785" hits="1080863910568919040"/><line number="786" hits="1080863910568919040"/><line number="789" hits="1080863910568919040"/><line number="792" hits="1441151880758558720"/><line number="795" hits="1441151880758558720"/><line number="796" hits="1152921504606846976"/><line number="798" hits="288230376151711744"/><line number="799" hits="0"/><line number="802" hits="864691128455135232"/><line number="804" hits="576460752303423488"/><line number="805" hits="576460752303423488"/><line number="806" hits="576460752303423488"/><line number="807" hits="576460752303423488"/><line number="808" hits="288230376151711744"/><line number="809" hits="288230376151711744"/><line number="810" hits="576460752303423488"/><line number="812" hits="288230376151711744"/><line number="813" hits="0"/><line number="816" hits="576460752303423488"/><line number="819" hits="864691128455135232"/><line number="821" hits="576460752303423488"/><line number="822" hits="576460752303423488"/><line number="823" hits="576460752303423488"/><line number="824" hits="576460752303423488"/><line number="825" hits="288230376151711744"/><line number="827" hits="2017612633061982208"/><line number="828" hits="288230376151711744"/><line number="829" hits="0"/><line number="833" hits="1152921504606846976"/><line number="836" hits="864691128455135232"/><line number="837" hits="576460752303423488"/><line number="839" hits="288230376151711744"/><line number="840" hits="288230376151711744"/><line number="841" hits="576460752303423488"/><line number="843" hits="144115188075855872"/><line number="847" hits="576460752303423488"/><line number="848" hits="288230376151711744"/><line number="849" hits="288230376151711744"/><line number="853" hits="576460752303423488"/><line number="854" hits="576460752303423488"/><line number="855" hits="864691128455135232"/><line number="856" hits="576460752303423488"/><line number="857" hits="576460752303423488"/><line number="858" hits="576460752303423488"/><line number="859" hits="1152921504606846976"/><line number="862" hits="288230376151711744"/><line number="863" hits="288230376151711744"/><line number="864" hits="288230376151711744"/><line number="865" hits="288230376151711744"/><line number="866" hits="288230376151711744"/><line number="867" hits="288230376151711744"/><line number="868" hits="576460752303423488"/><line number="869" hits="288230376151711744"/><line number="870" hits="288230376151711744"/><line number="871" hits="288230376151711744"/><line number="872" hits="288230376151711744"/><line number="873" hits="288230376151711744"/><line number="874" hits="288230376151711744"/><line number="875" hits="288230376151711744"/><line number="876" hits="288230376151711744"/><line number="877" hits="288230376151711744"/><line number="878" hits="288230376151711744"/><line number="879" hits="288230376151711744"/><line number="880" hits="288230376151711744"/><line number="881" hits="576460752303423488"/><line number="882" hits="288230376151711744"/><line number="883" hits="288230376151711744"/><line number="884" hits="288230376151711744"/><line number="885" hits="288230376151711744"/><line number="886" hits="288230376151711744"/><line number="887" hits="288230376151711744"/><line number="888" hits="288230376151711744"/><line number="889" hits="288230376151711744"/><line number="890" hits="288230376151711744"/><line number="895" hits="3891110078048108544"/><line number="896" hits="7782220156096217088"/><line number="897" hits="7782220156096217088"/><line number="898" hits="7782220156096217088"/><line number="899" hits="7782220156096217088"/><line number="901" hits="7782220156096217088"/><line number="902" hits="11673330234144325632"/><line number="903" hits="4971973988617027584"/><line number="904" hits="720575940379279351"/><line number="905" hits="3746994889972252657"/><line number="906" hits="3746994889972252657"/><line number="907" hits="3746994889972252657"/><line number="908" hits="3746994889972252657"/><line number="911" hits="3891110078048108544"/><line number="914" hits="7782220156096217088"/><line number="915" hits="15564440312192434176"/><line number="916" hits="15564440312192434176"/><line number="917" hits="15564440312192434176"/><line number="918" hits="15564440312192434176"/><line number="919" hits="3891110078048108544"/><line number="923" hits="3891110078048108550"/><line number="924" hits="7782220156096217100"/><line number="925" hits="7782220156096217100"/><line number="926" hits="7782220156096217100"/><line number="927" hits="7782220156096217100"/><line number="928" hits="7782220156096217100"/><line number="929" hits="11673330234144325650"/><line number="931" hits="7782220156096217100"/><line number="932" hits="11673330234144325626"/><line number="933" hits="15564440312192434152"/><line number="934" hits="3891110078048108538"/><line number="936" hits="11673330234144325614"/><line number="937" hits="7782220156096217076"/><line number="938" hits="10808639105689190400"/><line number="939" hits="15276209936040722432"/><line number="940" hits="1441151880758558708"/><line number="941" hits="9943947977234055162"/><line number="944" hits="15564440312192434152"/><line number="947" hits="17726168133330272262"/><line number="948" hits="16140901064495857694"/><line number="949" hits="16140901064495857694"/><line number="950" hits="16140901064495857694"/><line number="951" hits="16140901064495857694"/><line number="952" hits="4611686018427387940"/><line number="953" hits="13835058055282163724"/><line number="957" hits="6917529027641081856"/><line number="958" hits="6052837899185946624"/><line number="959" hits="9079256848778919918"/><line number="960" hits="9079256848778919918"/><line number="961" hits="9079256848778919924"/><line number="962" hits="15132094747964866560"/><line number="964" hits="18446744073709551610"/><line number="966" hits="12105675798371893224"/><line number="967" hits="12105675798371893224"/><line number="968" hits="12105675798371893224"/><line number="969" hits="12105675798371893224"/><line number="970" hits="6052837899185946612"/><line number="971" hits="9079256848778919918"/><line number="977" hits="15564440312192434200"/><line number="978" hits="15564440312192434200"/><line number="979" hits="15564440312192434200"/><line number="980" hits="11673330234144325650"/><line number="981" hits="15564440312192434200"/><line number="982" hits="11673330234144325650"/><line number="984" hits="7782220156096217100"/><line number="985" hits="15564440312192434200"/><line number="986" hits="15564440312192434200"/><line number="987" hits="15564440312192434200"/><line number="988" hits="15564440312192434200"/><line number="989" hits="15564440312192434200"/><line number="990" hits="3891110078048108550"/><line number="1021" hits="144115188075855872"/><line number="1022" hits="432345564227567616"/><line number="1023" hits="432345564227567616"/><line number="1024" hits="432345564227567616"/><line number="1025" hits="432345564227567616"/><line number="1026" hits="288230376151711744"/><line number="1027" hits="432345564227567616"/><line number="1028" hits="432345564227567616"/><line number="1029" hits="432345564227567616"/><line number="1030" hits="0"/><line number="1031" hits="144115188075855872"/><line number="1057" hits="144115188075855872"/><line number="1059" hits="432345564227567616"/><line number="1060" hits="432345564227567616"/><line number="1063" hits="144115188075855872"/><line number="1064" hits="0"/><line number="1065" hits="0"/><line number="1066" hits="0"/><line number="1071" hits="432345564227567616"/><line number="1072" hits="432345564227567616"/><line number="1075" hits="1008806316530991104"/><line number="1076" hits="720575940379279360"/><line number="1077" hits="576460752303423488"/><line number="1078" hits="288230376151711744"/><line number="1080" hits="0"/><line number="1081" hits="0"/><line number="1082" hits="0"/><line number="1085" hits="288230376151711744"/><line number="1086" hits="144115188075855872"/><line number="1087" hits="72057594037927936"/><line number="1088" hits="72057594037927936"/><line number="1089" hits="72057594037927936"/><line number="1095" hits="216172782113783808"/><line number="1099" hits="216172782113783808"/><line number="1100" hits="72057594037927936"/><line number="1101" hits="216172782113783808"/><line number="1103" hits="72057594037927936"/><line number="1104" hits="144115188075855872"/><line number="1105" hits="144115188075855872"/><line number="1106" hits="144115188075855872"/><line number="1107" hits="144115188075855872"/><line number="1108" hits="144115188075855872"/><line number="1109" hits="144115188075855872"/><line number="1110" hits="144115188075855872"/><line number="1111" hits="72057594037927936"/><line number="1112" hits="72057594037927936"/><line number="1120" hits="288230376151711744"/><line number="1121" hits="864691128455135232"/><line number="1122" hits="1729382256910270464"/><line number="1123" hits="1441151880758558720"/><line number="1124" hits="864691128455135232"/></lines></class><class name="math" filename="src\math.rs" line-rate="1" branch-rate="0" complexity="0"><methods/><lines><line number="45" hits="792633534417207296"/><line number="46" hits="4755801206503243776"/><line number="53" hits="7854277750134145024"/><line number="60" hits="7854277750134145024"/><line number="61" hits="72057594037927969"/><line number="63" hits="648518346341351525"/><line number="64" hits="216172782113783907"/><line number="65" hits="216172782113783907"/><line number="68" hits="216172782113783907"/><line number="69" hits="288230376151711744"/><line number="70" hits="1080863910568919073"/><line number="71" hits="2161727821137838245"/><line number="74" hits="144115188075855938"/><line number="77" hits="288230376151711876"/><line number="79" hits="216172782113783907"/><line number="80" hits="288230376151711876"/><line number="81" hits="288230376151711876"/><line number="86" hits="4899916394579099549"/><line number="87" hits="12682136550675316604"/><line number="88" hits="12682136550675316604"/><line number="90" hits="8935141660703063635"/><line number="95" hits="7277816997830721536"/><line number="96" hits="3386706919782612992"/><line number="99" hits="12249790986447749153"/><line number="100" hits="6052837899185946690"/><line number="101" hits="6052837899185946690"/><line number="102" hits="18302628885633695843"/><line number="107" hits="6052837899185946690"/><line number="108" hits="6052837899185946690"/><line number="109" hits="6052837899185946690"/><line number="111" hits="18302628885633695843"/><line number="113" hits="6052837899185946690"/><line number="114" hits="6052837899185946690"/><line number="116" hits="1945555039024054305"/><line number="117" hits="4323455642275676156"/><line number="118" hits="4323455642275676156"/><line number="120" hits="17798225727368200243"/><line number="121" hits="792633534417207455"/><line number="122" hits="12826251738751172714"/><line number="123" hits="11889503016258110024"/><line number="124" hits="4467570830351532778"/><line number="125" hits="2233785415175765226"/><line number="126" hits="15204152342002794338"/><line number="130" hits="11385099857992613886"/><line number="131" hits="11385099857992613886"/><line number="133" hits="12105675798371893380"/><line number="137" hits="18302628885633695843"/><line number="138" hits="6052837899185946690"/><line number="139" hits="6052837899185946690"/><line number="141" hits="18302628885633695843"/><line number="142" hits="15852670688344153393"/><line number="143" hits="5404319552844606360"/><line number="145" hits="12105675798371893380"/><line number="146" hits="6052837899185946690"/><line number="151" hits="6052837899185946690"/><line number="152" hits="6052837899185946690"/><line number="153" hits="18302628885633695843"/><line number="158" hits="18302628885633695843"/><line number="159" hits="1729382256910275290"/><line number="160" hits="5980780305148022258"/><line number="163" hits="18302628885633695843"/><line number="164" hits="17293822569102759194"/><line number="165" hits="3819052484010221474"/><line number="168" hits="18158513697557840070"/><line number="169" hits="18302628885633695843"/><line number="172" hits="6052837899185946690"/><line number="173" hits="18302628885633695843"/><line number="174" hits="18302628885633695843"/><line number="176" hits="5980780305148021041"/><line number="177" hits="11817445422220190784"/><line number="178" hits="18086456103519918896"/><line number="179" hits="3891110078048104388"/><line number="180" hits="3098476543630894651"/><line number="183" hits="18086456103519918896"/><line number="184" hits="5908722711110179732"/><line number="185" hits="9223372036854839063"/><line number="188" hits="17726168133330286176"/><line number="189" hits="18086456103519918896"/><line number="191" hits="18086456103519918896"/><line number="192" hits="18086456103519918896"/><line number="195" hits="18302628885633695843"/><line number="196" hits="5980780305148023385"/><line number="197" hits="9007199254740988608"/><line number="198" hits="1297036692682682708"/><line number="199" hits="15276209936040714376"/><line number="203" hits="18302628885633695843"/><line number="204" hits="18158513697557840339"/><line number="205" hits="5548434740920452157"/><line number="206" hits="12177733392409821401"/><line number="209" hits="6052837899185946690"/><line number="210" hits="18158513697557840070"/><line number="212" hits="6052837899185946690"/><line number="214" hits="18158513697557840070"/><line number="215" hits="18158513697557840070"/><line number="218" hits="14267403619509731526"/><line number="220" hits="6052837899185946690"/><line number="221" hits="9655717601082343658"/><line number="222" hits="3602879701896396968"/><line number="225" hits="6052837899185946690"/><line number="226" hits="11961560610296040544"/><line number="227" hits="5908722711110093854"/><line number="230" hits="6052837899185946690"/><line number="232" hits="5764607523034234998"/><line number="233" hits="6052837899185946690"/><line number="235" hits="6052837899185946690"/><line number="236" hits="9655717601082343490"/><line number="237" hits="1801439850948198400"/><line number="240" hits="6052837899185946690"/><line number="241" hits="11961560610296040544"/><line number="242" hits="5908722711110093854"/><line number="245" hits="6052837899185946690"/><line number="246" hits="18302628885633695843"/><line number="247" hits="12249790986447749153"/><line number="248" hits="12249790986447749153"/><line number="250" hits="4539628424389460123"/><line number="251" hits="10736581511651262586"/><line number="254" hits="6052837899185946690"/><line number="256" hits="18302628885633695843"/><line number="257" hits="14051230837395947553"/><line number="258" hits="3602879701896396800"/><line number="259" hits="15924728282382076596"/><line number="260" hits="14123288431433878196"/><line number="262" hits="3602879701896396800"/><line number="265" hits="6052837899185946690"/><line number="268" hits="18302628885633695843"/><line number="269" hits="18302628885633695843"/><line number="271" hits="5908722711110090917"/><line number="272" hits="12105675798371893380"/><line number="274" hits="18158513697557849091"/><line number="275" hits="5548434740920474037"/><line number="276" hits="18086456103519925715"/><line number="277" hits="18086456103519925715"/><line number="281" hits="12105675798371893380"/><line number="282" hits="18302628885633695843"/><line number="283" hits="18302628885633695843"/><line number="284" hits="3458764513820541195"/><line number="285" hits="8646911284551353475"/><line number="286" hits="5044031582654956507"/><line number="289" hits="18302628885633695843"/><line number="290" hits="6052837899185946690"/><line number="291" hits="6052837899185946690"/><line number="310" hits="72057594037944943"/><line number="311" hits="216172782113834829"/><line number="312" hits="216172782113834829"/><line number="313" hits="648518346341368431"/><line number="314" hits="1080863910568936047"/><line number="315" hits="1297036692682804890"/><line number="318" hits="144115188075889886"/></lines></class><class name="model_matrix" filename="src\model_matrix.rs" line-rate="0.993006993006993" branch-rate="0" complexity="0"><methods/><lines><line number="32" hits="4827858800541171712"/><line number="36" hits="14483576401623515136"/><line number="39" hits="9655717601082343424"/><line number="40" hits="9007199254740992000"/><line number="41" hits="9007199254740992000"/><line number="42" hits="9655717601082343424"/><line number="43" hits="4827858800541171712"/><line number="46" hits="14483576401623515136"/><line number="47" hits="54"/><line number="50" hits="864691128455135232"/><line number="51" hits="4827858800541171712"/><line number="52" hits="9655717601082343424"/><line number="53" hits="4827858800541171712"/><line number="54" hits="4827858800541171712"/><line number="55" hits="0"/><line number="57" hits="864691128455135232"/><line number="58" hits="4827858800541171712"/><line number="61" hits="14483576401623515136"/><line number="63" hits="15348267530078650368"/><line number="66" hits="9871890383196127232"/><line number="67" hits="1441151880758558720"/><line number="68" hits="360287970189639680"/><line number="69" hits="720575940379279360"/><line number="70" hits="360287970189639680"/><line number="71" hits="360287970189639680"/><line number="72" hits="144115188075855872"/><line number="74" hits="864691128455135232"/><line number="75" hits="216172782113783808"/><line number="78" hits="216172782113783808"/><line number="80" hits="4467570830351532032"/><line number="84" hits="9367487224930631680"/><line number="85" hits="9367487224930631680"/><line number="86" hits="9367487224930631680"/><line number="88" hits="9367487224930631680"/><line number="89" hits="9367487224930631680"/><line number="91" hits="9223372036854775808"/><line number="92" hits="4611686018427387904"/><line number="93" hits="9223372036854775808"/><line number="94" hits="9223372036854775808"/><line number="96" hits="13835058055282163712"/><line number="97" hits="13835058055282163712"/><line number="98" hits="13835058055282163712"/><line number="103" hits="4611686018427387904"/><line number="104" hits="9223372036854775808"/><line number="112" hits="13835058055282163712"/><line number="113" hits="13835058055282163712"/><line number="114" hits="4611686018427387904"/><line number="116" hits="13835058055282163712"/><line number="117" hits="9223372036854775808"/><line number="118" hits="9223372036854775808"/><line number="119" hits="13835058055282163712"/><line number="120" hits="18158513697557839872"/><line number="123" hits="9223372036854775808"/><line number="127" hits="9151314442816847872"/><line number="128" hits="576460752303423488"/><line number="129" hits="576460752303423488"/><line number="131" hits="504403158265495552"/><line number="132" hits="720575940379279360"/><line number="133" hits="1729382256910270464"/><line number="134" hits="2810246167479189504"/><line number="135" hits="720575940379279360"/><line number="136" hits="144115188075855872"/><line number="138" hits="3242591731706757120"/><line number="139" hits="2594073385365405696"/><line number="141" hits="1152921504606846976"/><line number="144" hits="288230376151711744"/><line number="146" hits="8358680908399640576"/><line number="148" hits="18158513697557839872"/><line number="150" hits="9079256848778919936"/><line number="151" hits="9079256848778919936"/><line number="153" hits="5548434740920451071"/><line number="154" hits="7854277750134145021"/><line number="155" hits="18374686479671623666"/><line number="156" hits="12033618204333965228"/><line number="157" hits="13979173243358019560"/><line number="161" hits="13618885273168379904"/><line number="162" hits="13763000461244235742"/><line number="163" hits="9079256848778919936"/><line number="165" hits="13618885273168379904"/><line number="166" hits="15564440312192434176"/><line number="167" hits="10952754293765046272"/><line number="168" hits="18374686479671623680"/><line number="169" hits="14699749183737298944"/><line number="172" hits="6557241057451442174"/><line number="173" hits="7854277750134145021"/><line number="174" hits="11385099857992613886"/><line number="175" hits="7854277750134145021"/><line number="177" hits="11385099857992613886"/><line number="178" hits="7205759403792793636"/><line number="179" hits="6052837899185946772"/><line number="180" hits="6052837899185946772"/><line number="181" hits="3026418949592973386"/><line number="182" hits="10736581511651262501"/><line number="185" hits="6629298651489370203"/><line number="186" hits="12105675798371893372"/><line number="187" hits="12105675798371893372"/><line number="188" hits="13690942867206307933"/><line number="191" hits="9079256848778919936"/><line number="193" hits="9079256848778919936"/><line number="194" hits="8935141660703064137"/><line number="195" hits="13186539708940812507"/><line number="197" hits="7061644215716937728"/><line number="199" hits="17870283321406128128"/><line number="200" hits="4539628424389459968"/><line number="204" hits="9223372036854775808"/><line number="206" hits="13618885273168379904"/><line number="207" hits="6917529027641081856"/><line number="208" hits="3819052484010180608"/><line number="210" hits="13618885273168379904"/><line number="211" hits="9079256848778919936"/><line number="213" hits="144115188075855872"/><line number="216" hits="4611686018427387904"/><line number="217" hits="13835058055282163712"/><line number="218" hits="9223372036854775808"/><line number="219" hits="9223372036854775808"/><line number="220" hits="9223372036854775808"/><line number="221" hits="9223372036854775808"/><line number="222" hits="4611686018427387904"/><line number="223" hits="4611686018427387904"/><line number="228" hits="6485183463413514311"/><line number="234" hits="12970366926827028622"/><line number="235" hits="12970366926827028622"/><line number="236" hits="12970366926827028551"/><line number="237" hits="13979173243358019584"/><line number="238" hits="1008806316530991104"/><line number="242" hits="1585267068834414734"/><line number="243" hits="2738188573441261568"/><line number="244" hits="7926335344172072960"/><line number="245" hits="12826251738751172608"/><line number="248" hits="6269010681299730432"/><line number="249" hits="6485183463413514240"/><line number="250" hits="6052837899185946624"/><line number="251" hits="6124895493223874560"/><line number="252" hits="18374686479671623609"/><line number="253" hits="6124895493223874631"/><line number="255" hits="12177733392409820829"/><line number="256" hits="6052837899185946340"/><line number="257" hits="6052837899185946340"/><line number="260" hits="792633534417207296"/><line number="261" hits="792633534417207296"/><line number="262" hits="13546827679130451968"/><line number="263" hits="720575940379279360"/><line number="266" hits="6413125869375586304"/></lines></class><class name="optimizer" filename="src\optimizer.rs" line-rate="0.9895833333333334" branch-rate="0" complexity="0"><methods/><lines><line number="29" hits="4251398048237748226"/><line number="30" hits="8502796096475496452"/><line number="31" hits="12898309332789100542"/><line number="32" hits="8646911284551352316"/><line number="33" hits="11817445422220181504"/><line number="34" hits="7205759403792793602"/><line number="35" hits="18158513697557839870"/><line number="37" hits="7493989779944505344"/><line number="40" hits="3170534137668829182"/><line number="45" hits="4251398048237748226"/><line number="49" hits="6124895493223874560"/><line number="50" hits="4107282860161892378"/><line number="51" hits="16357073846609641660"/><line number="52" hits="6052837899185946786"/><line number="72" hits="3386706919782612992"/><line number="74" hits="10160120759347838976"/><line number="75" hits="10160120759347838976"/><line number="78" hits="6773413839565225984"/><line number="79" hits="6773413839565225984"/><line number="80" hits="6773413839565225984"/><line number="81" hits="6773413839565225984"/><line number="82" hits="6773413839565225984"/><line number="84" hits="1873497444986126336"/><line number="85" hits="6773413839565225984"/><line number="86" hits="10088063165309911073"/><line number="88" hits="11745387828182253535"/><line number="96" hits="3891110078048108563"/><line number="105" hits="11673330234144325689"/><line number="108" hits="11673330234144325689"/><line number="109" hits="11673330234144325689"/><line number="110" hits="11673330234144325689"/><line number="111" hits="11673330234144325689"/><line number="113" hits="7782220156096217126"/><line number="117" hits="11673330234144325689"/><line number="118" hits="7782220156096217126"/><line number="119" hits="15564440312192434252"/><line number="122" hits="6052837899185946605"/><line number="123" hits="4323455642275676084"/><line number="124" hits="2161727821137838042"/><line number="125" hits="4323455642275676084"/><line number="126" hits="2161727821137838042"/><line number="129" hits="11673330234144325689"/><line number="132" hits="15564440312192434252"/><line number="133" hits="15564440312192434195"/><line number="136" hits="11673330234144325689"/><line number="137" hits="4899916394579099762"/><line number="138" hits="11673330234144325689"/><line number="139" hits="11673330234144325689"/><line number="140" hits="11673330234144325689"/><line number="141" hits="7782220156096217126"/><line number="143" hits="3891110078048108563"/><line number="144" hits="7782220156096217126"/><line number="145" hits="7782220156096217126"/><line number="146" hits="3891110078048108563"/><line number="147" hits="3891110078048108563"/><line number="171" hits="6413125869375586304"/><line number="173" hits="792633534417207296"/><line number="174" hits="792633534417207296"/><line number="177" hits="12826251738751172608"/><line number="178" hits="12826251738751172608"/><line number="179" hits="12826251738751172608"/><line number="180" hits="12826251738751172608"/><line number="181" hits="6413125869375586304"/><line number="183" hits="7998392938210000896"/><line number="184" hits="12826251738751172608"/><line number="185" hits="0"/><line number="187" hits="6413125869375586304"/><line number="195" hits="288230376151711744"/><line number="204" hits="864691128455135232"/><line number="207" hits="864691128455135232"/><line number="208" hits="864691128455135232"/><line number="209" hits="864691128455135232"/><line number="210" hits="864691128455135232"/><line number="213" hits="288230376151711744"/><line number="216" hits="864691128455135232"/><line number="217" hits="576460752303423488"/><line number="218" hits="1152921504606846976"/><line number="220" hits="864691128455135232"/><line number="221" hits="1152921504606846976"/><line number="222" hits="576460752303423488"/><line number="223" hits="1152921504606846976"/><line number="224" hits="576460752303423488"/><line number="227" hits="864691128455135232"/><line number="230" hits="1152921504606846976"/><line number="231" hits="1152921504606846976"/><line number="234" hits="864691128455135232"/><line number="235" hits="1729382256910270464"/><line number="236" hits="864691128455135232"/><line number="237" hits="864691128455135232"/><line number="238" hits="864691128455135232"/><line number="239" hits="576460752303423488"/><line number="241" hits="288230376151711744"/><line number="242" hits="576460752303423488"/><line number="243" hits="576460752303423488"/><line number="244" hits="288230376151711744"/><line number="245" hits="288230376151711744"/></lines></class><class name="robust" filename="src\robust.rs" line-rate="0.9183673469387755" branch-rate="0" complexity="0"><methods/><lines><line number="26" hits="72057594037927936"/><line number="27" hits="216172782113783808"/><line number="28" hits="216172782113783808"/><line number="30" hits="288230376151711744"/><line number="31" hits="72057594037927997"/><line number="33" hits="144115188075855872"/><line number="34" hits="648518346341351424"/><line number="35" hits="648518346341351424"/><line number="36" hits="216172782113783808"/><line number="37" hits="72057594037927936"/><line number="41" hits="432345564227567616"/><line number="42" hits="72057594037927936"/><line number="44" hits="288230376151711744"/><line number="45" hits="144115188075855872"/><line number="47" hits="216172782113783808"/><line number="49" hits="72057594037927936"/><line number="50" hits="72057594037927936"/><line number="51" hits="576460752303423488"/><line number="52" hits="288230376151711744"/><line number="56" hits="216172782113783808"/><line number="58" hits="13042424520864956416"/><line number="59" hits="4035225266123964416"/><line number="60" hits="12105675798371893248"/><line number="61" hits="9511602413006487552"/><line number="62" hits="11529215046068469760"/><line number="66" hits="1441151880758558722"/><line number="67" hits="3891110078048108544"/><line number="68" hits="12970366926827028482"/><line number="69" hits="2305843009213693960"/><line number="75" hits="0"/><line number="76" hits="0"/><line number="77" hits="0"/><line number="78" hits="0"/><line number="85" hits="144115188075855872"/><line number="86" hits="360287970189639680"/><line number="88" hits="216172782113783808"/><line number="89" hits="216172782113783808"/><line number="90" hits="360287970189639680"/><line number="91" hits="576460752303423488"/><line number="92" hits="432345564227567616"/><line number="96" hits="216172782113783808"/><line number="98" hits="216172782113783808"/><line number="99" hits="360287970189639680"/><line number="100" hits="576460752303423488"/><line number="103" hits="72057594037927936"/><line number="104" hits="144115188075855872"/><line number="105" hits="144115188075855872"/><line number="106" hits="72057594037927936"/><line number="107" hits="72057594037927936"/></lines></class><class name="satterthwaite" filename="src\satterthwaite.rs" line-rate="0.9629629629629629" branch-rate="0" complexity="0"><methods/><lines><line number="13" hits="432345564227567616"/><line number="14" hits="864691128455135232"/><line number="15" hits="72057594037927936"/><line number="16" hits="72057594037927936"/><line number="20" hits="1441151880758558720"/><line number="21" hits="0"/><line number="24" hits="1369094286720630784"/><line number="25" hits="144115188075855872"/><line number="29" hits="864691128455135232"/><line number="30" hits="1152921504606846976"/><line number="34" hits="2882303761517117440"/><line number="36" hits="864691128455135232"/><line number="38" hits="864691128455135232"/><line number="39" hits="864691128455135232"/><line number="42" hits="576460752303423488"/><line number="45" hits="1729382256910270464"/><line number="46" hits="2017612633061982208"/><line number="47" hits="576460752303423488"/><line number="48" hits="864691128455135232"/><line number="49" hits="864691128455135232"/><line number="50" hits="576460752303423488"/><line number="52" hits="12826251738751172608"/><line number="53" hits="7349874591868649472"/><line number="54" hits="6629298651489370112"/><line number="55" hits="6629298651489370112"/><line number="56" hits="6629298651489370112"/><line number="57" hits="13258597302978740224"/><line number="58" hits="720575940379279360"/><line number="61" hits="576460752303423488"/><line number="62" hits="864691128455135232"/><line number="63" hits="2449958197289549824"/><line number="64" hits="288230376151711744"/><line number="67" hits="864691128455135232"/><line number="68" hits="1297036692682702848"/><line number="69" hits="4395513236313604096"/><line number="70" hits="7133701809754865664"/><line number="71" hits="7133701809754865664"/><line number="72" hits="7133701809754865664"/><line number="73" hits="7133701809754865664"/><line number="75" hits="7421932185906577408"/><line number="76" hits="8142508126285856768"/><line number="78" hits="4755801206503243776"/><line number="79" hits="4755801206503243776"/><line number="80" hits="4755801206503243776"/><line number="81" hits="4755801206503243776"/><line number="83" hits="11889503016258109440"/><line number="84" hits="11889503016258109440"/><line number="85" hits="11889503016258109440"/><line number="86" hits="11889503016258109440"/><line number="88" hits="7133701809754865664"/><line number="89" hits="4755801206503243776"/><line number="90" hits="4755801206503243776"/><line number="94" hits="3026418949592973312"/><line number="95" hits="3026418949592973312"/><line number="96" hits="3314649325744685056"/><line number="97" hits="1008806316530991104"/><line number="98" hits="1008806316530991104"/><line number="100" hits="5044031582654955520"/><line number="101" hits="5044031582654955520"/><line number="102" hits="5044031582654955520"/><line number="104" hits="3026418949592973312"/><line number="105" hits="2017612633061982208"/><line number="109" hits="1152921504606846976"/><line number="110" hits="0"/><line number="112" hits="576460752303423488"/><line number="114" hits="2305843009213693952"/><line number="115" hits="10088063165309911040"/><line number="116" hits="8070450532247928832"/><line number="117" hits="8070450532247928832"/><line number="118" hits="6052837899185946624"/><line number="119" hits="18158513697557839872"/><line number="120" hits="2017612633061982208"/><line number="124" hits="864691128455135232"/><line number="125" hits="1297036692682702848"/><line number="126" hits="3026418949592973312"/><line number="127" hits="3026418949592973312"/><line number="128" hits="3314649325744685056"/><line number="129" hits="1008806316530991104"/><line number="130" hits="1008806316530991104"/><line number="132" hits="5044031582654955520"/><line number="133" hits="5044031582654955520"/><line number="135" hits="5044031582654955520"/><line number="136" hits="8070450532247928832"/><line number="141" hits="864691128455135232"/><line number="142" hits="864691128455135232"/><line number="144" hits="864691128455135232"/><line number="145" hits="2305843009213693952"/><line number="147" hits="1152921504606846976"/><line number="148" hits="2594073385365405696"/><line number="149" hits="17005592192950992896"/><line number="150" hits="11529215046068469760"/><line number="154" hits="1152921504606846976"/><line number="155" hits="1152921504606846976"/><line number="156" hits="432345564227567616"/><line number="159" hits="288230376151711744"/><line number="162" hits="1585267068834414592"/><line number="163" hits="288230376151711744"/><line number="164" hits="576460752303423488"/><line number="165" hits="0"/><line number="168" hits="576460752303423488"/><line number="171" hits="2305843009213693952"/><line number="173" hits="2305843009213693952"/><line number="174" hits="0"/><line number="175" hits="1441151880758558720"/><line number="176" hits="2161727821137838080"/><line number="177" hits="432345564227567616"/><line number="179" hits="144115188075855872"/><line number="183" hits="288230376151711744"/></lines></class></classes></package><package name="benches" line-rate="0" branch-rate="0" complexity="0"><classes></classes></package><package name="scripts\ast_explorations" line-rate="0" branch-rate="0" complexity="0"><classes></classes></package></packages></coverage>