TN:
SF:C:\Users\x4g4p\CascadeProjects\lme-rs\src\anova.rs
FN:32,LmeFit::anova
FN:102,<impl Display for FixedEffectsAnovaResult>::fmt
FNF:2
FNDA:288230376151711744,LmeFit::anova
FNDA:0,<impl Display for FixedEffectsAnovaResult>::fmt
DA:32,288230376151711744
DA:33,1152921504606846976
DA:34,576460752303423488
DA:35,0
DA:39,576460752303423488
DA:40,864691128455135232
DA:41,864691128455135232
DA:43,288230376151711744
DA:44,0
DA:47,864691128455135232
DA:48,864691128455135232
DA:49,864691128455135232
DA:50,864691128455135232
DA:51,864691128455135232
DA:54,720575940379279360
DA:56,360287970189639680
DA:57,144115188075855872
DA:59,72057594037927936
DA:60,72057594037927936
DA:65,144115188075855872
DA:66,72057594037927936
DA:68,0
DA:69,0
DA:75,1080863910568919040
DA:76,216172782113783808
DA:79,648518346341351424
DA:80,648518346341351424
DA:81,1080863910568919040
DA:84,864691128455135232
DA:85,648518346341351424
DA:86,432345564227567616
DA:89,216172782113783808
DA:90,432345564227567616
DA:91,432345564227567616
DA:92,432345564227567616
DA:93,432345564227567616
DA:94,216172782113783808
DA:95,216172782113783808
DA:102,0
DA:103,0
DA:104,0
DA:105,0
DA:107,0
DA:108,0
DA:110,0
DA:111,0
DA:112,0
DA:113,0
DA:114,0
DA:115,0
DA:116,0
DA:117,0
DA:118,0
DA:120,0
DA:123,0
DA:124,0
DA:126,0
DA:127,0
DA:128,0
DA:129,0
DA:130,0
DA:135,0
DA:136,0
LF:63
LH:34
end_of_record
TN:
SF:C:\Users\x4g4p\CascadeProjects\lme-rs\src\family.rs
FN:56,<impl GlmLink for LogitLink>::link_fun
FN:64,<impl GlmLink for LogitLink>::link_inv
FN:72,<impl GlmLink for LogitLink>::mu_eta
FN:81,<impl GlmLink for LogitLink>::name
FN:89,<impl GlmLink for LogLink>::link_fun
FN:93,<impl GlmLink for LogLink>::link_inv
FN:98,<impl GlmLink for LogLink>::mu_eta
FN:103,<impl GlmLink for LogLink>::name
FN:111,<impl GlmLink for IdentityLink>::link_fun
FN:115,<impl GlmLink for IdentityLink>::link_inv
FN:119,<impl GlmLink for IdentityLink>::mu_eta
FN:123,<impl GlmLink for IdentityLink>::name
FN:133,<impl GlmLink for ProbitLink>::link_fun
FN:142,<impl GlmLink for ProbitLink>::link_inv
FN:151,<impl GlmLink for ProbitLink>::mu_eta
FN:157,<impl GlmLink for ProbitLink>::name
FN:165,<impl GlmLink for CloglogLink>::link_fun
FN:172,<impl GlmLink for CloglogLink>::link_inv
FN:179,<impl GlmLink for CloglogLink>::mu_eta
FN:188,<impl GlmLink for CloglogLink>::name
FN:196,<impl GlmLink for InverseLink>::link_fun
FN:200,<impl GlmLink for InverseLink>::link_inv
FN:204,<impl GlmLink for InverseLink>::mu_eta
FN:212,<impl GlmLink for InverseLink>::name
FN:220,<impl GlmLink for SqrtLink>::link_fun
FN:224,<impl GlmLink for SqrtLink>::link_inv
FN:231,<impl GlmLink for SqrtLink>::mu_eta
FN:236,<impl GlmLink for SqrtLink>::name
FN:248,BinomialFamily::new
FN:254,<impl Default for BinomialFamily>::default
FN:260,<impl GlmFamily for BinomialFamily>::variance
FN:267,<impl GlmFamily for BinomialFamily>::dev_resid
FN:288,<impl GlmFamily for BinomialFamily>::link
FN:289,<impl GlmFamily for BinomialFamily>::name
FN:290,<impl GlmFamily for BinomialFamily>::uses_dispersion
FN:292,<impl GlmFamily for BinomialFamily>::initialize_mu
FN:297,<impl GlmFamily for BinomialFamily>::build_clone
FN:309,PoissonFamily::new
FN:315,<impl Default for PoissonFamily>::default
FN:321,<impl GlmFamily for PoissonFamily>::variance
FN:326,<impl GlmFamily for PoissonFamily>::dev_resid
FN:343,<impl GlmFamily for PoissonFamily>::link
FN:344,<impl GlmFamily for PoissonFamily>::name
FN:345,<impl GlmFamily for PoissonFamily>::uses_dispersion
FN:347,<impl GlmFamily for PoissonFamily>::initialize_mu
FN:352,<impl GlmFamily for PoissonFamily>::build_clone
FN:364,GaussianFamily::new
FN:370,<impl Default for GaussianFamily>::default
FN:376,<impl GlmFamily for GaussianFamily>::variance
FN:380,<impl GlmFamily for GaussianFamily>::dev_resid
FN:386,<impl GlmFamily for GaussianFamily>::link
FN:387,<impl GlmFamily for GaussianFamily>::name
FN:388,<impl GlmFamily for GaussianFamily>::uses_dispersion
FN:390,<impl GlmFamily for GaussianFamily>::initialize_mu
FN:394,<impl GlmFamily for GaussianFamily>::build_clone
FN:409,GammaFamily::new
FN:415,<impl Default for GammaFamily>::default
FN:421,<impl GlmFamily for GammaFamily>::variance
FN:429,<impl GlmFamily for GammaFamily>::dev_resid
FN:442,<impl GlmFamily for GammaFamily>::link
FN:443,<impl GlmFamily for GammaFamily>::name
FN:444,<impl GlmFamily for GammaFamily>::uses_dispersion
FN:446,<impl GlmFamily for GammaFamily>::initialize_mu
FN:451,<impl GlmFamily for GammaFamily>::build_clone
FN:473,Family::build
FN:484,<impl Display for Family>::fmt
FNF:66
FNDA:2017612633061982274,<impl GlmLink for LogitLink>::link_fun
FNDA:13258597302978740224,<impl GlmLink for LogitLink>::link_inv
FNDA:13402712491054596096,<impl GlmLink for LogitLink>::mu_eta
FNDA:432345564227567616,<impl GlmLink for LogitLink>::name
FNDA:2017612633061982208,<impl GlmLink for LogLink>::link_fun
FNDA:12826251738751172608,<impl GlmLink for LogLink>::link_inv
FNDA:12754194144713244672,<impl GlmLink for LogLink>::mu_eta
FNDA:432345564227567616,<impl GlmLink for LogLink>::name
FNDA:3242591731706757120,<impl GlmLink for IdentityLink>::link_fun
FNDA:6557241057451442176,<impl GlmLink for IdentityLink>::link_inv
FNDA:6413125869375586304,<impl GlmLink for IdentityLink>::mu_eta
FNDA:864691128455135232,<impl GlmLink for IdentityLink>::name
FNDA:144115188075855872,<impl GlmLink for ProbitLink>::link_fun
FNDA:144115188075855872,<impl GlmLink for ProbitLink>::link_inv
FNDA:72057594037927936,<impl GlmLink for ProbitLink>::mu_eta
FNDA:216172782113783808,<impl GlmLink for ProbitLink>::name
FNDA:144115188075855872,<impl GlmLink for CloglogLink>::link_fun
FNDA:72057594037927936,<impl GlmLink for CloglogLink>::link_inv
FNDA:72057594037927936,<impl GlmLink for CloglogLink>::mu_eta
FNDA:216172782113783808,<impl GlmLink for CloglogLink>::name
FNDA:144115188075855872,<impl GlmLink for InverseLink>::link_fun
FNDA:72057594037927936,<impl GlmLink for InverseLink>::link_inv
FNDA:72057594037927936,<impl GlmLink for InverseLink>::mu_eta
FNDA:216172782113783808,<impl GlmLink for InverseLink>::name
FNDA:144115188075855872,<impl GlmLink for SqrtLink>::link_fun
FNDA:144115188075855872,<impl GlmLink for SqrtLink>::link_inv
FNDA:72057594037927936,<impl GlmLink for SqrtLink>::mu_eta
FNDA:216172782113783808,<impl GlmLink for SqrtLink>::name
FNDA:2522015791327477760,BinomialFamily::new
FNDA:72057594037927936,<impl Default for BinomialFamily>::default
FNDA:13474770085092524032,<impl GlmFamily for BinomialFamily>::variance
FNDA:1729382256910270464,<impl GlmFamily for BinomialFamily>::dev_resid
FNDA:5836665117072163014,<impl GlmFamily for BinomialFamily>::link
FNDA:648518346341351424,<impl GlmFamily for BinomialFamily>::name
FNDA:648518346341351424,<impl GlmFamily for BinomialFamily>::uses_dispersion
FNDA:1945555039024054272,<impl GlmFamily for BinomialFamily>::initialize_mu
FNDA:1729382256910270464,<impl GlmFamily for BinomialFamily>::build_clone
FNDA:2738188573441261568,PoissonFamily::new
FNDA:72057594037927936,<impl Default for PoissonFamily>::default
FNDA:12826251738751172608,<impl GlmFamily for PoissonFamily>::variance
FNDA:1945555039024054272,<impl GlmFamily for PoissonFamily>::dev_resid
FNDA:5836665117072162897,<impl GlmFamily for PoissonFamily>::link
FNDA:648518346341351424,<impl GlmFamily for PoissonFamily>::name
FNDA:432345564227567616,<impl GlmFamily for PoissonFamily>::uses_dispersion
FNDA:1945555039024054272,<impl GlmFamily for PoissonFamily>::initialize_mu
FNDA:1945555039024054272,<impl GlmFamily for PoissonFamily>::build_clone
FNDA:4179340454199820288,GaussianFamily::new
FNDA:72057594037927936,<impl Default for GaussianFamily>::default
FNDA:6341068275337658368,<impl GlmFamily for GaussianFamily>::variance
FNDA:3242591731706757120,<impl GlmFamily for GaussianFamily>::dev_resid
FNDA:10592466323575406592,<impl GlmFamily for GaussianFamily>::link
FNDA:1080863910568919040,<impl GlmFamily for GaussianFamily>::name
FNDA:864691128455135232,<impl GlmFamily for GaussianFamily>::uses_dispersion
FNDA:3242591731706757120,<impl GlmFamily for GaussianFamily>::initialize_mu
FNDA:3170534137668829184,<impl GlmFamily for GaussianFamily>::build_clone
FNDA:648518346341351424,GammaFamily::new
FNDA:72057594037927936,<impl Default for GammaFamily>::default
FNDA:72057594037927936,<impl GlmFamily for GammaFamily>::variance
FNDA:144115188075855872,<impl GlmFamily for GammaFamily>::dev_resid
FNDA:0,<impl GlmFamily for GammaFamily>::link
FNDA:432345564227567616,<impl GlmFamily for GammaFamily>::name
FNDA:648518346341351424,<impl GlmFamily for GammaFamily>::uses_dispersion
FNDA:72057594037927936,<impl GlmFamily for GammaFamily>::initialize_mu
FNDA:144115188075855872,<impl GlmFamily for GammaFamily>::build_clone
FNDA:1369094286720630784,Family::build
FNDA:288230376151711744,<impl Display for Family>::fmt
DA:56,2017612633061982274
DA:57,16717361816799282146
DA:59,13835058055282167160
DA:60,6917529027641083580
DA:64,13258597302978740224
DA:65,1152921504606847051
DA:66,4611686018427388054
DA:68,16140901064495857889
DA:72,13402712491054596096
DA:73,1657324662872343126
DA:74,5044031582654956716
DA:75,5044031582654956716
DA:77,5044031582654956716
DA:81,432345564227567616
DA:89,2017612633061982208
DA:90,6557241057451443970
DA:93,12826251738751172608
DA:95,17077649786988920949
DA:98,12754194144713244672
DA:100,7349874591868650572
DA:103,432345564227567616
DA:111,3242591731706757120
DA:112,6485183463413514240
DA:115,6557241057451442176
DA:116,13114482114902884352
DA:119,6413125869375586304
DA:120,792633534417207296
DA:123,864691128455135232
DA:133,144115188075855872
DA:135,432345564227567616
DA:136,576460752303423763
DA:137,1152921504606848076
DA:138,864691128455136057
DA:142,144115188075855872
DA:144,432345564227567616
DA:145,576460752303423488
DA:146,1152921504606846976
DA:147,864691128455135232
DA:151,72057594037927936
DA:153,216172782113783808
DA:154,432345564227567616
DA:157,216172782113783808
DA:165,144115188075855872
DA:166,576460752303423488
DA:167,1152921504606846976
DA:168,576460752303423488
DA:172,72057594037927936
DA:173,360287970189639680
DA:174,648518346341351424
DA:175,648518346341351424
DA:179,72057594037927936
DA:180,216172782113783808
DA:181,216172782113783808
DA:182,216172782113783808
DA:183,216172782113783808
DA:184,144115188075855872
DA:188,216172782113783808
DA:196,144115188075855872
DA:197,864691128455135232
DA:200,72057594037927936
DA:201,576460752303423488
DA:204,72057594037927936
DA:206,216172782113783808
DA:207,216172782113783808
DA:208,144115188075855872
DA:212,216172782113783808
DA:220,144115188075855872
DA:221,1369094286720630784
DA:224,144115188075855872
DA:225,648518346341351424
DA:226,1080863910568919040
DA:227,360287970189639680
DA:231,72057594037927936
DA:233,288230376151711744
DA:236,216172782113783808
DA:248,2522015791327477760
DA:254,72057594037927936
DA:255,72057594037927936
DA:260,13474770085092524032
DA:261,1945555039024054272
DA:262,10664523917613334528
DA:263,11889503016258109440
DA:267,1729382256910270464
DA:270,5188146770730811392
DA:271,5188146770730811392
DA:272,13763000461244235776
DA:273,5620492334958379008
DA:274,11240984669916758016
DA:275,5620492334958379008
DA:276,5620492334958379008
DA:277,10160120759347839051
DA:278,14699749183737299094
DA:280,7566047373982433288
DA:281,9511602413006487568
DA:283,5620492334958379008
DA:285,1729382256910270464
DA:288,5836665117072163014
DA:289,648518346341351424
DA:290,648518346341351424
DA:292,1945555039024054272
DA:294,16429131440647570006
DA:297,1729382256910270464
DA:298,1729382256910270464
DA:309,2738188573441261568
DA:315,72057594037927936
DA:316,72057594037927936
DA:321,12826251738751172608
DA:323,7493989779944505494
DA:326,1945555039024054272
DA:328,5836665117072162816
DA:329,5836665117072162816
DA:330,8646911284551352320
DA:331,13402712491054596096
DA:332,1657324662872342528
DA:333,13402712491054596096
DA:334,13402712491054596096
DA:335,7710162562058289191
DA:336,2017612633061982286
DA:338,13402712491054596096
DA:340,1945555039024054272
DA:343,5836665117072162897
DA:344,648518346341351424
DA:345,432345564227567616
DA:347,1945555039024054272
DA:349,10736581511651262739
DA:352,1945555039024054272
DA:353,1945555039024054272
DA:364,4179340454199820288
DA:370,72057594037927936
DA:371,72057594037927936
DA:376,6341068275337658368
DA:377,576460752303423488
DA:380,3242591731706757120
DA:382,6485183463413514240
DA:383,6485183463413514240
DA:386,10592466323575406592
DA:387,1080863910568919040
DA:388,864691128455135232
DA:390,3242591731706757120
DA:391,6485183463413514240
DA:394,3170534137668829184
DA:395,3170534137668829184
DA:409,648518346341351424
DA:415,72057594037927936
DA:416,72057594037927936
DA:421,72057594037927936
DA:423,216172782113783847
DA:424,216172782113783925
DA:425,72057594037927975
DA:429,144115188075855872
DA:431,432345564227567616
DA:432,432345564227567616
DA:433,432345564227567616
DA:434,576460752303423488
DA:435,576460752303423488
DA:436,432345564227567616
DA:437,576460752303423488
DA:439,144115188075855872
DA:442,0
DA:443,432345564227567616
DA:444,648518346341351424
DA:446,72057594037927936
DA:448,432345564227567616
DA:451,144115188075855872
DA:452,144115188075855872
DA:473,1369094286720630784
DA:474,1369094286720630784
DA:475,288230376151711744
DA:476,288230376151711744
DA:477,720575940379279360
DA:478,72057594037927936
DA:484,288230376151711744
DA:485,288230376151711744
DA:486,216172782113783808
DA:487,216172782113783808
DA:488,216172782113783808
DA:489,216172782113783808
LF:177
LH:176
end_of_record
TN:
SF:C:\Users\x4g4p\CascadeProjects\lme-rs\src\formula.rs
FN:47,parse
FN:66,extract_offset
FN:117,expand_nested_re
FN:186,expand_independent_re
FNF:4
FNDA:6629298651489371461,parse
FNDA:6845471433603153920,extract_offset
FNDA:6917529027641081856,expand_nested_re
FNDA:6701356245527298048,expand_independent_re
DA:47,6629298651489371461
DA:48,1441151880758562767
DA:49,1441151880758562767
DA:50,1441151880758562767
DA:51,1441151880758562767
DA:52,6629298651489371461
DA:54,8070450532247934228
DA:55,6629298651489371461
DA:58,1441151880758562767
DA:59,13258597302978742922
DA:61,6629298651489371461
DA:66,6845471433603153920
DA:67,7349874591868649472
DA:69,1008806316530991104
DA:70,1008806316530991104
DA:71,1513209474796486656
DA:73,7710162562058289152
DA:74,12393906174523604992
DA:75,6196953087261802496
DA:76,576460752303423488
DA:77,576460752303423488
DA:78,504403158265495552
DA:79,504403158265495552
DA:84,1008806316530991104
DA:85,2017612633061982208
DA:88,1008806316530991104
DA:89,1008806316530991104
DA:91,1513209474796486656
DA:92,1513209474796486656
DA:95,3530822107858468864
DA:107,504403158265495552
DA:111,12682136550675316736
DA:117,6917529027641081856
DA:118,2305843009213693952
DA:122,14267403619509731328
DA:123,14267403619509731328
DA:124,2954361355555045376
DA:125,14267403619509731328
DA:127,8646911284551352320
DA:128,15636497906230362112
DA:130,14699749183737298946
DA:131,14699749183737298946
DA:132,14699749183737298946
DA:133,1369094286720630786
DA:134,10520408729537478654
DA:135,11168927075878830078
DA:136,14483576401623515135
DA:138,3602879701896396803
DA:139,3602879701896396803
DA:142,14699749183737298946
DA:143,3602879701896396803
DA:144,3602879701896396803
DA:146,14699749183737298946
DA:149,2305843009213693952
DA:150,432345564227567616
DA:151,432345564227567616
DA:152,1441151880758558720
DA:153,720575940379279360
DA:154,432345564227567616
DA:156,576460752303423488
DA:158,2017612633061982208
DA:160,864691128455135232
DA:161,216172782113783808
DA:162,216172782113783808
DA:163,216172782113783808
DA:167,2954361355555045379
DA:168,7133701809754865665
DA:170,17582052945254416380
DA:171,9007199254740991999
DA:175,7133701809754865664
DA:176,6917529027641081856
DA:178,432345564227567616
DA:181,6917529027641081856
DA:186,6701356245527298048
DA:187,1657324662872342528
DA:191,13546827679130451968
DA:192,13546827679130451968
DA:193,1873497444986126336
DA:194,13546827679130451968
DA:196,18158513697557839872
DA:197,11529215046068469760
DA:199,13546827679130451970
DA:200,13546827679130451970
DA:201,13546827679130451970
DA:202,2305843009213693953
DA:203,5908722711110090750
DA:204,6557241057451442174
DA:205,2954361355555045375
DA:207,1873497444986126339
DA:208,1873497444986126339
DA:211,6845471433603153922
DA:212,216172782113783811
DA:213,216172782113783811
DA:218,216172782113783811
DA:219,216172782113783811
DA:220,72057594037927937
DA:221,72057594037927937
DA:222,72057594037927937
DA:225,1657324662872342528
DA:226,6701356245527298048
DA:228,1729382256910270460
DA:229,5044031582654955519
DA:233,6773413839565225984
DA:234,6701356245527298048
DA:236,144115188075855872
DA:239,6701356245527298048
LF:106
LH:106
end_of_record
TN:
SF:C:\Users\x4g4p\CascadeProjects\lme-rs\src\glmm_math.rs
FN:54,GlmmData::new
FN:103,GlmmData::laplace_deviance
FN:111,GlmmData::evaluate
FN:117,GlmmData::pirls
FN:377,GlmmData::build_lambda
FN:406,_sparse_times_dense
FNF:6
FNDA:6773413839565225985,GlmmData::new
FNDA:6557241057451442176,GlmmData::laplace_deviance
FNDA:72057594037927936,GlmmData::evaluate
FNDA:6917529027641081856,GlmmData::pirls
FNDA:6917529027641081856,GlmmData::build_lambda
FNDA:72057594037927936,_sparse_times_dense
DA:54,6773413839565225985
DA:61,1873497444986126339
DA:63,1873497444986126339
DA:64,13546827679130451970
DA:65,1873497444986126339
DA:66,1873497444986126336
DA:67,3746994889972252530
DA:68,3746994889972252252
DA:69,3746994889972252252
DA:70,1729382256910270299
DA:71,18158513697557840241
DA:72,8646911284551352598
DA:73,8646911284551352598
DA:74,8646911284551352598
DA:77,12393906174523605687
DA:78,8646911284551352598
DA:80,8646911284551352598
DA:81,8646911284551352598
DA:82,8646911284551352598
DA:84,12393906174523605967
DA:85,13546827679130452247
DA:86,13546827679130452247
DA:87,13546827679130452247
DA:90,3746994889972252811
DA:91,17293822569102704640
DA:103,6557241057451442176
DA:104,1224979098644774912
DA:105,12682136550675316736
DA:106,216172782113783808
DA:111,72057594037927936
DA:112,288230376151711744
DA:117,6917529027641081856
DA:118,2305843009213693952
DA:119,2305843009213693952
DA:120,2305843009213693952
DA:121,2305843009213693952
DA:124,16140901064495857664
DA:127,9223372036854775808
DA:128,9223372036854775808
DA:129,8502796096475496448
DA:130,1585267068834414592
DA:134,2305843009213693952
DA:136,13835058055282163712
DA:137,13835058055282163712
DA:138,13835058055282163712
DA:141,2305843009213693952
DA:143,2305843009213693952
DA:145,2449958197289549824
DA:147,576460752303423488
DA:148,576460752303423488
DA:151,5044031582654955520
DA:152,16429131440647569410
DA:153,12898309332789100547
DA:154,4899916394579099652
DA:155,2449958197289549826
DA:159,5044031582654955520
DA:160,16429131440647571256
DA:161,4899916394579103344
DA:162,4899916394579103344
DA:167,5044031582654955520
DA:174,5044031582654955520
DA:175,13258597302978740322
DA:176,11096869481840902193
DA:178,10880696699727118821
DA:179,4899916394579100036
DA:181,5044031582654955520
DA:183,5044031582654955520
DA:184,17726168133330272354
DA:185,14843864371813154963
DA:187,576460752303423488
DA:188,9511602413006487552
DA:193,5044031582654955423
DA:194,5044031582654955520
DA:195,9511602413006487552
DA:196,9511602413006487358
DA:197,97
DA:198,97
DA:199,97
DA:206,9511602413006487358
DA:207,9511602413006487358
DA:208,9511602413006487358
DA:210,10088063165309910458
DA:211,5044031582654955229
DA:214,5044031582654955229
DA:215,6989586621679009792
DA:216,8430738502437568427
DA:217,10880696699727117881
DA:220,576460752303423100
DA:221,576460752303423100
DA:224,5044031582654955229
DA:225,5044031582654955229
DA:226,6989586621679013115
DA:228,15924728282382084116
DA:229,8430738502437565104
DA:230,12393906174523591336
DA:233,4467570830351538872
DA:235,4467570830351538872
DA:237,13402712491054616616
DA:238,15924728282382084116
DA:239,15924728282382084116
DA:240,15924728282382084116
DA:244,5044031582654955229
DA:245,6989586621679013115
DA:246,17509995351216485026
DA:247,5908722711110073647
DA:252,5044031582654955229
DA:253,143
DA:254,15924728282382074216
DA:258,9511602413006487358
DA:259,4755801206503243479
DA:260,8935141660703063858
DA:261,288230376151711750
DA:262,288230376151711750
DA:263,288230376151711750
DA:264,288230376151711750
DA:265,288230376151711750
DA:266,288230376151711750
DA:267,288230376151711750
DA:272,8935141660703063858
DA:273,13114482114902883837
DA:274,13114482114902883837
DA:277,5764607523034234782
DA:278,2594073385365405706
DA:279,15708555500268290051
DA:280,5188146770730811390
DA:282,2594073385365405706
DA:286,8935141660703063858
DA:287,17870283321406127716
DA:290,4179340454199819979
DA:291,6773413839565225713
DA:292,17582052945254416377
DA:293,14987979559889010643
DA:296,4179340454199819979
DA:298,8935141660703063858
DA:299,16285016252571711189
DA:300,2594073385365403452
DA:302,17870283321406127716
DA:305,17870283321406127716
DA:306,14987979559889010793
DA:307,11168927075878830392
DA:310,13690942867206307737
DA:311,924
DA:315,8935141660703063858
DA:318,12249790986447748496
DA:319,2017612633061981792
DA:322,10232178353385766704
DA:323,11096869481840902136
DA:324,864691128455135432
DA:327,2017612633061981792
DA:330,15348267530078650056
DA:331,15348267530078650056
DA:332,15348267530078650056
DA:333,10232178353385766689
DA:334,2017612633061981732
DA:335,3170534137668829176
DA:337,12610078956637389133
DA:338,14555633995661443294
DA:339,16429131440647569519
DA:340,18230571291595767808
DA:345,10232178353385766704
DA:347,5116089176692883352
DA:348,10232178353385766704
DA:349,10232178353385766704
DA:350,10232178353385766704
DA:351,10232178353385766704
DA:352,10232178353385766704
DA:353,10232178353385766704
DA:354,10232178353385766704
DA:355,10232178353385766704
DA:356,5116089176692883352
DA:357,5116089176692883352
DA:361,7061644215716937728
DA:365,0
DA:367,0
DA:368,0
DA:369,0
DA:370,0
DA:371,0
DA:372,0
DA:377,6917529027641081856
DA:378,2305843009213693952
DA:379,13835058055282163712
DA:380,13835058055282163712
DA:382,2305843009213693952
DA:383,13835058055282163712
DA:384,13835058055282163712
DA:386,15636497906230362112
DA:387,7710162562058289152
DA:388,17437937757178560512
DA:389,16717361816799281167
DA:390,14987979559889010742
DA:391,6701356245527298108
DA:392,8718968878589280268
DA:396,6917529027641081856
DA:397,6917529027641081856
DA:400,13835058055282163712
DA:406,72057594037927936
DA:407,216172782113783808
DA:408,216172782113783808
DA:409,216172782113783808
DA:411,504403158265495552
DA:412,432345564227567616
DA:413,576460752303423488
DA:414,1441151880758558720
DA:415,864691128455135232
DA:417,576460752303423488
DA:418,1152921504606846976
DA:423,144115188075855872
LF:208
LH:201
end_of_record
TN:
SF:C:\Users\x4g4p\CascadeProjects\lme-rs\src\kenward_roger.rs
FN:18,compute_kenward_roger
FNF:1
FNDA:216172782113783808,compute_kenward_roger
DA:18,216172782113783808
DA:19,432345564227567616
DA:20,0
DA:21,0
DA:25,864691128455135232
DA:26,0
DA:29,864691128455135232
DA:30,0
DA:37,648518346341351424
DA:38,864691128455135232
DA:40,2161727821137838080
DA:41,648518346341351424
DA:43,648518346341351424
DA:44,648518346341351424
DA:47,432345564227567616
DA:50,1297036692682702848
DA:51,432345564227567616
DA:52,648518346341351424
DA:53,648518346341351424
DA:54,432345564227567616
DA:57,11457157452030541824
DA:58,864691128455135232
DA:59,4035225266123964416
DA:60,4035225266123964416
DA:61,4035225266123964416
DA:62,8070450532247928832
DA:63,15276209936040722432
DA:66,432345564227567616
DA:67,648518346341351424
DA:68,2161727821137838080
DA:69,216172782113783808
DA:72,648518346341351424
DA:73,1080863910568919040
DA:74,3891110078048108544
DA:75,6485183463413514240
DA:76,6485183463413514240
DA:77,6485183463413514240
DA:78,6485183463413514240
DA:81,6701356245527298048
DA:82,7349874591868649472
DA:84,4323455642275676160
DA:85,4323455642275676160
DA:86,4323455642275676160
DA:87,4323455642275676160
DA:89,10808639105689190400
DA:90,10808639105689190400
DA:91,10808639105689190400
DA:92,10808639105689190400
DA:94,6485183463413514240
DA:95,4323455642275676160
DA:96,4323455642275676160
DA:99,2594073385365405696
DA:100,2594073385365405696
DA:101,2810246167479189504
DA:102,864691128455135232
DA:103,864691128455135232
DA:105,4323455642275676160
DA:106,4323455642275676160
DA:107,4323455642275676160
DA:109,2594073385365405696
DA:110,1729382256910270464
DA:113,864691128455135232
DA:114,0
DA:118,432345564227567616
DA:121,864691128455135232
DA:122,0
DA:124,864691128455135232
DA:125,432345564227567616
DA:128,11889503016258109440
DA:129,3026418949592973312
DA:130,9799832789158199296
DA:131,16573246628723425280
DA:135,648518346341351424
DA:136,1080863910568919040
DA:137,1513209474796486656
DA:138,2594073385365405696
DA:139,2594073385365405696
DA:140,1297036692682702848
DA:141,1297036692682702848
DA:143,3242591731706757120
DA:144,3242591731706757120
DA:145,1945555039024054272
DA:146,1297036692682702848
DA:149,648518346341351424
DA:154,648518346341351424
DA:155,1080863910568919040
DA:156,4323455642275676160
DA:157,7998392938210000896
DA:158,7782220156096217088
DA:159,7782220156096217088
DA:160,7782220156096217088
DA:161,7782220156096217088
DA:163,5836665117072162816
DA:164,5836665117072162816
DA:165,5836665117072162816
DA:166,5836665117072162816
DA:168,9727775195120271360
DA:169,9727775195120271360
DA:170,9727775195120271360
DA:171,9727775195120271360
DA:173,7782220156096217088
DA:174,3891110078048108544
DA:175,4755801206503243776
DA:176,2594073385365405696
DA:177,2594073385365405696
DA:178,1297036692682702848
DA:179,1297036692682702848
DA:180,3242591731706757120
DA:181,3242591731706757120
DA:182,1945555039024054272
DA:183,3026418949592973312
DA:184,2594073385365405696
DA:185,2594073385365405696
DA:186,1297036692682702848
DA:187,1297036692682702848
DA:188,3242591731706757120
DA:189,3242591731706757120
DA:190,1945555039024054272
DA:192,864691128455135232
DA:207,864691128455135232
DA:209,648518346341351424
DA:210,1080863910568919040
DA:211,7782220156096217088
DA:212,13835058055282163712
DA:213,13835058055282163712
DA:214,10376293541461622784
DA:215,10376293541461622784
DA:218,2305843009213693952
DA:221,10376293541461622784
DA:222,10376293541461622784
DA:226,432345564227567616
DA:227,432345564227567616
DA:230,648518346341351424
DA:231,648518346341351424
DA:233,648518346341351424
DA:235,1297036692682702848
DA:236,432345564227567616
DA:238,2161727821137838080
DA:239,2161727821137838080
DA:241,864691128455135232
DA:242,2161727821137838080
DA:243,15420325124116578302
DA:244,11024811887802974201
DA:245,11024811887802974201
DA:246,13690942867206307838
DA:250,864691128455135232
DA:251,432345564227567616
DA:253,0
DA:256,1297036692682702848
DA:257,0
DA:258,432345564227567616
DA:259,0
DA:262,432345564227567616
DA:266,864691128455135232
DA:267,864691128455135232
DA:269,0
DA:271,864691128455135232
DA:273,1729382256910270464
DA:274,0
DA:275,1297036692682702848
DA:276,2161727821137838080
DA:277,432345564227567616
DA:279,0
DA:283,216172782113783808
LF:164
LH:152
end_of_record
TN:
SF:C:\Users\x4g4p\CascadeProjects\lme-rs\src\lib.rs
FN:83,LmeFit::predict
FN:123,LmeFit::predict_response
FN:131,LmeFit::predict_conditional_response
FN:137,LmeFit::apply_inverse_link
FN:153,LmeFit::predict_conditional
FN:227,LmeFit::confint
FN:265,LmeFit::simulate
FN:297,LmeFit::with_satterthwaite
FN:308,LmeFit::with_kenward_roger
FN:319,LmeFit::with_robust_se
FN:350,<impl Display for ConfintResult>::fmt
FN:368,<impl Display for LmeFit>::fmt
FN:553,lm
FN:633,lmer
FN:641,lmer_weighted
FN:779,glmer
FN:895,build_ranef_dataframe
FN:923,build_var_corr_dataframe
FN:1021,<impl Display for AnovaResult>::fmt
FN:1057,anova
FN:1120,count_params
FNF:21
FNDA:1585267068834414592,LmeFit::predict
FNDA:72057594037927936,LmeFit::predict_response
FNDA:144115188075855872,LmeFit::predict_conditional_response
FNDA:216172782113783808,LmeFit::apply_inverse_link
FNDA:720575940379279360,LmeFit::predict_conditional
FNDA:576460752303423488,LmeFit::confint
FNDA:288230376151711744,LmeFit::simulate
FNDA:216172782113784593,LmeFit::with_satterthwaite
FNDA:216172782113783808,LmeFit::with_kenward_roger
FNDA:72057594037927936,LmeFit::with_robust_se
FNDA:144115188075855872,<impl Display for ConfintResult>::fmt
FNDA:720575940379279360,<impl Display for LmeFit>::fmt
FNDA:576460752303423488,lm
FNDA:3746994889972252672,lmer
FNDA:3819052484010180608,lmer_weighted
FNDA:432345564227567616,glmer
FNDA:3891110078048108544,build_ranef_dataframe
FNDA:3891110078048108550,build_var_corr_dataframe
FNDA:144115188075855872,<impl Display for AnovaResult>::fmt
FNDA:144115188075855872,anova
FNDA:288230376151711744,count_params
DA:83,1585267068834414592
DA:85,6341068275337658368
DA:86,1585267068834446192
DA:89,3170534137668829184
DA:90,9727775195120271360
DA:91,9727775195120271360
DA:92,4755801206503243776
DA:93,1585267068834414592
DA:97,4755801206503243776
DA:98,10952754293765046272
DA:99,1729382256910270464
DA:102,4539628424389459968
DA:103,72057594037927936
DA:104,72057594037927936
DA:105,72057594037927936
DA:109,4323455642275676160
DA:110,15276209936040722432
DA:111,6917529027641081856
DA:112,11529215046068469760
DA:115,1441151880758558720
DA:123,72057594037927936
DA:124,288230376151711744
DA:125,216172782113783808
DA:131,144115188075855872
DA:132,720575940379279360
DA:133,432345564227567616
DA:137,216172782113783808
DA:138,216172782113783808
DA:139,144115188075855872
DA:140,432345564227567616
DA:141,432345564227567616
DA:142,288230376151711744
DA:144,72057594037927936
DA:153,720575940379279360
DA:154,2882303761517117440
DA:156,2882303761517117440
DA:157,2882303761517117440
DA:159,2161727821137838080
DA:160,2161727821137838080
DA:162,1441151880758558720
DA:163,2089670227099910144
DA:164,2882303761517117440
DA:165,720575940379279360
DA:166,2161727821137838080
DA:167,2882303761517117440
DA:170,3602879701896396800
DA:171,2161727821137838080
DA:172,3170534137668829184
DA:173,1224979098644774912
DA:174,720575940379279360
DA:176,2017612633061982208
DA:177,504403158265495552
DA:178,1513209474796486656
DA:179,2017612633061982208
DA:180,2522015791327477760
DA:183,12393906174523604992
DA:184,2017612633061982208
DA:187,5764607523034234880
DA:188,9511602413006487552
DA:190,360287970189639680
DA:191,72057594037927936
DA:192,72057594037927936
DA:193,72057594037927936
DA:197,288230376151711744
DA:201,5044031582654955520
DA:202,9511602413006487552
DA:204,9511602413006487552
DA:205,5044031582654955520
DA:206,13979173243358019584
DA:209,11889503016258109440
DA:210,3170534137668829184
DA:214,648518346341351424
DA:217,648518346341351424
DA:227,576460752303423488
DA:228,1008806316530991104
DA:229,216172782113783808
DA:232,1080863910568919040
DA:233,360287970189639680
DA:235,720575940379279360
DA:237,1080863910568919040
DA:238,1441151880758558720
DA:240,1080863910568919040
DA:241,1080863910568919040
DA:242,1080863910568919040
DA:244,1657324662872342528
DA:245,3242591731706757120
DA:246,2594073385365405696
DA:249,1513209474796486656
DA:250,288230376151711744
DA:253,1080863910568919040
DA:265,288230376151711744
DA:269,864691128455135232
DA:270,864691128455135232
DA:271,576460752303423488
DA:273,576460752303423488
DA:274,864691128455135232
DA:276,288230376151711744
DA:278,576460752303423488
DA:281,2882303761517117440
DA:282,8070450532247928832
DA:283,14987979559889010688
DA:286,576460752303423488
DA:289,288230376151711744
DA:297,216172782113784593
DA:298,1080863910568922965
DA:299,432345564227569186
DA:300,216172782113784593
DA:308,216172782113783808
DA:309,864691128455135232
DA:310,432345564227567616
DA:311,216172782113783808
DA:319,72057594037927936
DA:320,360287970189639680
DA:321,72057594037927936
DA:322,144115188075855872
DA:323,72057594037927936
DA:350,144115188075855872
DA:351,288230376151711744
DA:352,1152921504606846976
DA:353,576460752303423488
DA:354,1729382256910270464
DA:356,144115188075855872
DA:368,720575940379279360
DA:369,1369094286720630784
DA:370,720575940379279360
DA:371,360287970189639680
DA:372,216172782113783808
DA:373,216172782113783808
DA:375,1729382256910270464
DA:377,1945555039024054272
DA:381,1729382256910270464
DA:382,1297036692682702848
DA:383,1297036692682702848
DA:384,1297036692682702848
DA:385,2594073385365405696
DA:386,1945555039024054272
DA:387,1945555039024054272
DA:388,1945555039024054272
DA:389,1945555039024054272
DA:390,1945555039024054272
DA:394,1297036692682702848
DA:395,1729382256910270464
DA:398,2161727821137838080
DA:399,1441151880758558720
DA:400,2161727821137838080
DA:401,7782220156096217088
DA:402,17293822569102704645
DA:403,2161727821137838080
DA:404,720575940379279360
DA:405,1441151880758558720
DA:406,1441151880758558720
DA:407,1441151880758558720
DA:408,1441151880758558720
DA:409,1441151880758558720
DA:410,2161727821137838080
DA:411,2161727821137838080
DA:415,2161727821137838080
DA:416,2161727821137838080
DA:418,4107282860161892352
DA:419,1297036692682702848
DA:420,1297036692682702848
DA:422,1945555039024054272
DA:423,3242591731706757120
DA:424,648518346341351424
DA:426,1945555039024054272
DA:427,1297036692682702848
DA:428,1657324662872342528
DA:429,4755801206503243776
DA:430,2738188573441261568
DA:431,1369094286720630784
DA:434,2594073385365405696
DA:436,1657324662872342528
DA:437,3026418949592973312
DA:438,3026418949592973312
DA:439,3026418949592973312
DA:440,2017612633061982208
DA:441,3026418949592973312
DA:445,648518346341351424
DA:446,1080863910568919040
DA:447,720575940379279360
DA:448,720575940379279360
DA:449,720575940379279360
DA:450,1080863910568919040
DA:451,1080863910568919040
DA:452,1008806316530991104
DA:453,2017612633061982208
DA:454,864691128455135232
DA:456,216172782113783808
DA:459,2161727821137838080
DA:463,2594073385365405696
DA:465,3242591731706757120
DA:466,3242591731706757120
DA:469,2161727821137838080
DA:470,2161727821137838080
DA:471,1441151880758558720
DA:472,0
DA:473,0
DA:475,0
DA:477,720575940379279360
DA:478,216172782113783808
DA:479,1297036692682702848
DA:480,216172782113783808
DA:481,1152921504606846976
DA:482,216172782113783808
DA:484,1513209474796486656
DA:487,4107282860161892352
DA:488,2594073385365405696
DA:489,5188146770730811392
DA:490,2594073385365405696
DA:491,2594073385365405696
DA:492,2594073385365405696
DA:494,1297036692682702848
DA:495,0
DA:496,0
DA:497,26
DA:498,0
DA:499,1441151880758558720
DA:500,288230376151711744
DA:501,288230376151711744
DA:502,432345564227567616
DA:503,1297036692682702848
DA:504,288230376151711744
DA:505,288230376151711744
DA:506,432345564227567616
DA:508,3026418949592973312
DA:514,1297036692682702848
DA:515,1152921504606846976
DA:516,576460752303423488
DA:517,936748722493063168
DA:518,1297036692682702848
DA:520,216172782113783808
DA:523,216172782113783808
DA:527,720575940379279360
DA:553,576460752303423488
DA:554,1729382256910270464
DA:555,72057594037927936
DA:556,216172782113783808
DA:557,72057594037927936
DA:560,1513209474796486656
DA:561,72057594037927936
DA:562,216172782113783808
DA:563,72057594037927936
DA:568,1297036692682702848
DA:571,432345564227567616
DA:572,1729382256910270464
DA:573,864691128455135232
DA:575,432345564227567616
DA:576,1729382256910270464
DA:578,1729382256910270464
DA:579,864691128455135232
DA:580,1729382256910270464
DA:581,1729382256910270464
DA:583,144115188075855872
DA:586,432345564227567616
DA:587,864691128455135232
DA:588,864691128455135232
DA:589,864691128455135232
DA:590,864691128455135232
DA:591,864691128455135232
DA:592,864691128455135232
DA:593,864691128455135232
DA:594,864691128455135232
DA:595,864691128455135232
DA:596,864691128455135232
DA:597,864691128455135232
DA:598,864691128455135232
DA:599,864691128455135232
DA:600,864691128455135232
DA:601,864691128455135232
DA:602,864691128455135232
DA:603,864691128455135232
DA:604,864691128455135232
DA:605,864691128455135232
DA:606,1297036692682702848
DA:607,864691128455135232
DA:608,864691128455135232
DA:609,864691128455135232
DA:610,864691128455135232
DA:611,864691128455135232
DA:612,864691128455135232
DA:613,864691128455135232
DA:614,432345564227567616
DA:615,432345564227567616
DA:633,3746994889972252672
DA:634,288230376151711744
DA:641,3819052484010180608
DA:642,7638104968020361216
DA:643,144115188075855872
DA:647,11024811887802974208
DA:650,14699749183737298944
DA:653,18014398509481984000
DA:654,14411518807585587200
DA:657,3602879701896396800
DA:658,0
DA:659,10808639105689190400
DA:660,3602879701896396800
DA:664,10808639105689190400
DA:665,7349874591868649472
DA:666,144115188075855872
DA:668,6917529027641081856
DA:673,7205759403792793600
DA:674,7205759403792793600
DA:675,7205759403792793600
DA:676,7205759403792793600
DA:677,3602879701896396800
DA:678,3602879701896396800
DA:679,7205759403792793600
DA:681,3602879701896396800
DA:682,0
DA:685,7205759403792793600
DA:688,17582052945254416384
DA:689,14411518807585587200
DA:690,18014398509481984000
DA:691,18014398509481984000
DA:695,14411518807585587200
DA:696,14411518807585587200
DA:697,7205759403792793600
DA:698,7349874591868649472
DA:699,4827858800541171709
DA:700,8286623314361712637
DA:703,10808639105689190400
DA:706,3891110078048108414
DA:707,288230376151711614
DA:711,7205759403792793600
DA:714,14411518807585587200
DA:717,18014398509481984000
DA:720,7205759403792793600
DA:721,7205759403792793600
DA:722,10808639105689190400
DA:723,7205759403792793600
DA:724,7205759403792793600
DA:725,7205759403792793600
DA:726,14411518807585587200
DA:728,3602879701896396800
DA:729,7205759403792793600
DA:730,7205759403792793600
DA:731,7205759403792793600
DA:732,7205759403792793600
DA:733,7205759403792793600
DA:734,7205759403792793600
DA:735,7205759403792793600
DA:736,7205759403792793600
DA:737,7205759403792793600
DA:738,7205759403792793600
DA:739,7205759403792793600
DA:740,7205759403792793600
DA:741,7205759403792793600
DA:742,7205759403792793600
DA:743,7205759403792793600
DA:744,7205759403792793600
DA:745,7205759403792793600
DA:746,7205759403792793600
DA:747,7205759403792793600
DA:748,10808639105689190400
DA:749,7205759403792793600
DA:750,7205759403792793600
DA:751,7205759403792793600
DA:752,7205759403792793600
DA:753,7205759403792793600
DA:754,7205759403792793600
DA:755,7205759403792793600
DA:756,3602879701896396800
DA:757,3602879701896396800
DA:779,432345564227567616
DA:780,864691128455135232
DA:781,72057594037927936
DA:784,1080863910568919040
DA:785,1080863910568919040
DA:786,1080863910568919040
DA:789,1080863910568919040
DA:792,1441151880758558720
DA:795,1441151880758558720
DA:796,1152921504606846976
DA:798,288230376151711744
DA:799,0
DA:802,864691128455135232
DA:804,576460752303423488
DA:805,576460752303423488
DA:806,576460752303423488
DA:807,576460752303423488
DA:808,288230376151711744
DA:809,288230376151711744
DA:810,576460752303423488
DA:812,288230376151711744
DA:813,0
DA:816,576460752303423488
DA:819,864691128455135232
DA:821,576460752303423488
DA:822,576460752303423488
DA:823,576460752303423488
DA:824,576460752303423488
DA:825,288230376151711744
DA:827,2017612633061982208
DA:828,288230376151711744
DA:829,0
DA:833,1152921504606846976
DA:836,864691128455135232
DA:837,576460752303423488
DA:839,288230376151711744
DA:840,288230376151711744
DA:841,576460752303423488
DA:843,144115188075855872
DA:847,576460752303423488
DA:848,288230376151711744
DA:849,288230376151711744
DA:853,576460752303423488
DA:854,576460752303423488
DA:855,864691128455135232
DA:856,576460752303423488
DA:857,576460752303423488
DA:858,576460752303423488
DA:859,1152921504606846976
DA:862,288230376151711744
DA:863,288230376151711744
DA:864,288230376151711744
DA:865,288230376151711744
DA:866,288230376151711744
DA:867,288230376151711744
DA:868,576460752303423488
DA:869,288230376151711744
DA:870,288230376151711744
DA:871,288230376151711744
DA:872,288230376151711744
DA:873,288230376151711744
DA:874,288230376151711744
DA:875,288230376151711744
DA:876,288230376151711744
DA:877,288230376151711744
DA:878,288230376151711744
DA:879,288230376151711744
DA:880,288230376151711744
DA:881,576460752303423488
DA:882,288230376151711744
DA:883,288230376151711744
DA:884,288230376151711744
DA:885,288230376151711744
DA:886,288230376151711744
DA:887,288230376151711744
DA:888,288230376151711744
DA:889,288230376151711744
DA:890,288230376151711744
DA:895,3891110078048108544
DA:896,7782220156096217088
DA:897,7782220156096217088
DA:898,7782220156096217088
DA:899,7782220156096217088
DA:901,7782220156096217088
DA:902,11673330234144325632
DA:903,4971973988617027584
DA:904,720575940379279351
DA:905,3746994889972252657
DA:906,3746994889972252657
DA:907,3746994889972252657
DA:908,3746994889972252657
DA:911,3891110078048108544
DA:914,7782220156096217088
DA:915,15564440312192434176
DA:916,15564440312192434176
DA:917,15564440312192434176
DA:918,15564440312192434176
DA:919,3891110078048108544
DA:923,3891110078048108550
DA:924,7782220156096217100
DA:925,7782220156096217100
DA:926,7782220156096217100
DA:927,7782220156096217100
DA:928,7782220156096217100
DA:929,11673330234144325650
DA:931,7782220156096217100
DA:932,11673330234144325626
DA:933,15564440312192434152
DA:934,3891110078048108538
DA:936,11673330234144325614
DA:937,7782220156096217076
DA:938,10808639105689190400
DA:939,15276209936040722432
DA:940,1441151880758558708
DA:941,9943947977234055162
DA:944,15564440312192434152
DA:947,17726168133330272262
DA:948,16140901064495857694
DA:949,16140901064495857694
DA:950,16140901064495857694
DA:951,16140901064495857694
DA:952,4611686018427387940
DA:953,13835058055282163724
DA:957,6917529027641081856
DA:958,6052837899185946624
DA:959,9079256848778919918
DA:960,9079256848778919918
DA:961,9079256848778919924
DA:962,15132094747964866560
DA:964,18446744073709551610
DA:966,12105675798371893224
DA:967,12105675798371893224
DA:968,12105675798371893224
DA:969,12105675798371893224
DA:970,6052837899185946612
DA:971,9079256848778919918
DA:977,15564440312192434200
DA:978,15564440312192434200
DA:979,15564440312192434200
DA:980,11673330234144325650
DA:981,15564440312192434200
DA:982,11673330234144325650
DA:984,7782220156096217100
DA:985,15564440312192434200
DA:986,15564440312192434200
DA:987,15564440312192434200
DA:988,15564440312192434200
DA:989,15564440312192434200
DA:990,3891110078048108550
DA:1021,144115188075855872
DA:1022,432345564227567616
DA:1023,432345564227567616
DA:1024,432345564227567616
DA:1025,432345564227567616
DA:1026,288230376151711744
DA:1027,432345564227567616
DA:1028,432345564227567616
DA:1029,432345564227567616
DA:1030,0
DA:1031,144115188075855872
DA:1057,144115188075855872
DA:1059,432345564227567616
DA:1060,432345564227567616
DA:1063,144115188075855872
DA:1064,0
DA:1065,0
DA:1066,0
DA:1071,432345564227567616
DA:1072,432345564227567616
DA:1075,1008806316530991104
DA:1076,720575940379279360
DA:1077,576460752303423488
DA:1078,288230376151711744
DA:1080,0
DA:1081,0
DA:1082,0
DA:1085,288230376151711744
DA:1086,144115188075855872
DA:1087,72057594037927936
DA:1088,72057594037927936
DA:1089,72057594037927936
DA:1095,216172782113783808
DA:1099,216172782113783808
DA:1100,72057594037927936
DA:1101,216172782113783808
DA:1103,72057594037927936
DA:1104,144115188075855872
DA:1105,144115188075855872
DA:1106,144115188075855872
DA:1107,144115188075855872
DA:1108,144115188075855872
DA:1109,144115188075855872
DA:1110,144115188075855872
DA:1111,72057594037927936
DA:1112,72057594037927936
DA:1120,288230376151711744
DA:1121,864691128455135232
DA:1122,1729382256910270464
DA:1123,1441151880758558720
DA:1124,864691128455135232
LF:563
LH:545
end_of_record
TN:
SF:C:\Users\x4g4p\CascadeProjects\lme-rs\src\math.rs
FN:45,LmmData::new
FN:53,LmmData::new_weighted
FN:95,LmmData::log_reml_deviance
FN:99,LmmData::evaluate
FN:310,weight_sparse_cols
FNF:5
FNDA:792633534417207296,LmmData::new
FNDA:7854277750134145024,LmmData::new_weighted
FNDA:7277816997830721536,LmmData::log_reml_deviance
FNDA:12249790986447749153,LmmData::evaluate
FNDA:72057594037944943,weight_sparse_cols
DA:45,792633534417207296
DA:46,4755801206503243776
DA:53,7854277750134145024
DA:60,7854277750134145024
DA:61,72057594037927969
DA:63,648518346341351525
DA:64,216172782113783907
DA:65,216172782113783907
DA:68,216172782113783907
DA:69,288230376151711744
DA:70,1080863910568919073
DA:71,2161727821137838245
DA:74,144115188075855938
DA:77,288230376151711876
DA:79,216172782113783907
DA:80,288230376151711876
DA:81,288230376151711876
DA:86,4899916394579099549
DA:87,12682136550675316604
DA:88,12682136550675316604
DA:90,8935141660703063635
DA:95,7277816997830721536
DA:96,3386706919782612992
DA:99,12249790986447749153
DA:100,6052837899185946690
DA:101,6052837899185946690
DA:102,18302628885633695843
DA:107,6052837899185946690
DA:108,6052837899185946690
DA:109,6052837899185946690
DA:111,18302628885633695843
DA:113,6052837899185946690
DA:114,6052837899185946690
DA:116,1945555039024054305
DA:117,4323455642275676156
DA:118,4323455642275676156
DA:120,17798225727368200243
DA:121,792633534417207455
DA:122,12826251738751172714
DA:123,11889503016258110024
DA:124,4467570830351532778
DA:125,2233785415175765226
DA:126,15204152342002794338
DA:130,11385099857992613886
DA:131,11385099857992613886
DA:133,12105675798371893380
DA:137,18302628885633695843
DA:138,6052837899185946690
DA:139,6052837899185946690
DA:141,18302628885633695843
DA:142,15852670688344153393
DA:143,5404319552844606360
DA:145,12105675798371893380
DA:146,6052837899185946690
DA:151,6052837899185946690
DA:152,6052837899185946690
DA:153,18302628885633695843
DA:158,18302628885633695843
DA:159,1729382256910275290
DA:160,5980780305148022258
DA:163,18302628885633695843
DA:164,17293822569102759194
DA:165,3819052484010221474
DA:168,18158513697557840070
DA:169,18302628885633695843
DA:172,6052837899185946690
DA:173,18302628885633695843
DA:174,18302628885633695843
DA:176,5980780305148021041
DA:177,11817445422220190784
DA:178,18086456103519918896
DA:179,3891110078048104388
DA:180,3098476543630894651
DA:183,18086456103519918896
DA:184,5908722711110179732
DA:185,9223372036854839063
DA:188,17726168133330286176
DA:189,18086456103519918896
DA:191,18086456103519918896
DA:192,18086456103519918896
DA:195,18302628885633695843
DA:196,5980780305148023385
DA:197,9007199254740988608
DA:198,1297036692682682708
DA:199,15276209936040714376
DA:203,18302628885633695843
DA:204,18158513697557840339
DA:205,5548434740920452157
DA:206,12177733392409821401
DA:209,6052837899185946690
DA:210,18158513697557840070
DA:212,6052837899185946690
DA:214,18158513697557840070
DA:215,18158513697557840070
DA:218,14267403619509731526
DA:220,6052837899185946690
DA:221,9655717601082343658
DA:222,3602879701896396968
DA:225,6052837899185946690
DA:226,11961560610296040544
DA:227,5908722711110093854
DA:230,6052837899185946690
DA:232,5764607523034234998
DA:233,6052837899185946690
DA:235,6052837899185946690
DA:236,9655717601082343490
DA:237,1801439850948198400
DA:240,6052837899185946690
DA:241,11961560610296040544
DA:242,5908722711110093854
DA:245,6052837899185946690
DA:246,18302628885633695843
DA:247,12249790986447749153
DA:248,12249790986447749153
DA:250,4539628424389460123
DA:251,10736581511651262586
DA:254,6052837899185946690
DA:256,18302628885633695843
DA:257,14051230837395947553
DA:258,3602879701896396800
DA:259,15924728282382076596
DA:260,14123288431433878196
DA:262,3602879701896396800
DA:265,6052837899185946690
DA:268,18302628885633695843
DA:269,18302628885633695843
DA:271,5908722711110090917
DA:272,12105675798371893380
DA:274,18158513697557849091
DA:275,5548434740920474037
DA:276,18086456103519925715
DA:277,18086456103519925715
DA:281,12105675798371893380
DA:282,18302628885633695843
DA:283,18302628885633695843
DA:284,3458764513820541195
DA:285,8646911284551353475
DA:286,5044031582654956507
DA:289,18302628885633695843
DA:290,6052837899185946690
DA:291,6052837899185946690
DA:310,72057594037944943
DA:311,216172782113834829
DA:312,216172782113834829
DA:313,648518346341368431
DA:314,1080863910568936047
DA:315,1297036692682804890
DA:318,144115188075889886
LF:148
LH:148
end_of_record
TN:
SF:C:\Users\x4g4p\CascadeProjects\lme-rs\src\model_matrix.rs
FN:32,build_design_matrices
FN:228,build_x_matrix
FNF:2
FNDA:4827858800541171712,build_design_matrices
FNDA:6485183463413514311,build_x_matrix
DA:32,4827858800541171712
DA:36,14483576401623515136
DA:39,9655717601082343424
DA:40,11168927075878830080
DA:41,11168927075878830080
DA:42,9655717601082343424
DA:43,4827858800541171712
DA:46,14483576401623515136
DA:47,54
DA:50,864691128455135232
DA:51,4827858800541171712
DA:52,9655717601082343424
DA:53,4827858800541171712
DA:54,4827858800541171712
DA:55,0
DA:57,864691128455135232
DA:58,4827858800541171712
DA:61,14483576401623515136
DA:63,15348267530078650368
DA:66,9871890383196127232
DA:67,1441151880758558720
DA:68,360287970189639680
DA:69,720575940379279360
DA:70,360287970189639680
DA:71,360287970189639680
DA:72,144115188075855872
DA:74,864691128455135232
DA:75,216172782113783808
DA:78,216172782113783808
DA:80,4467570830351532032
DA:84,9367487224930631680
DA:85,9367487224930631680
DA:86,9367487224930631680
DA:88,9367487224930631680
DA:89,9367487224930631680
DA:91,9007199254740992000
DA:92,4395513236313604096
DA:93,9223372036854775808
DA:94,9223372036854775808
DA:96,13835058055282163712
DA:97,13835058055282163712
DA:98,13835058055282163712
DA:103,4611686018427387904
DA:104,9223372036854775808
DA:112,13835058055282163712
DA:113,13835058055282163712
DA:114,4611686018427387904
DA:116,13835058055282163712
DA:117,9223372036854775808
DA:118,9223372036854775808
DA:119,13835058055282163712
DA:120,18158513697557839872
DA:123,9223372036854775808
DA:127,9151314442816847872
DA:128,576460752303423488
DA:129,576460752303423488
DA:131,504403158265495552
DA:132,720575940379279360
DA:133,1729382256910270464
DA:134,2810246167479189504
DA:135,720575940379279360
DA:136,144115188075855872
DA:138,3242591731706757120
DA:139,2594073385365405696
DA:141,1152921504606846976
DA:144,288230376151711744
DA:146,8358680908399640576
DA:148,18158513697557839872
DA:150,9079256848778919936
DA:151,9079256848778919936
DA:153,5620492334958379007
DA:154,8070450532247928829
DA:155,72057594037927922
DA:156,12033618204333965228
DA:157,13979173243358019560
DA:161,13618885273168379904
DA:162,13763000461244235742
DA:163,9079256848778919936
DA:165,13618885273168379904
DA:166,15564440312192434176
DA:167,10952754293765046272
DA:168,18374686479671623680
DA:169,14699749183737298944
DA:172,6701356245527298046
DA:173,8070450532247928829
DA:174,11529215046068469758
DA:175,8070450532247928829
DA:177,11529215046068469758
DA:178,7277816997830721572
DA:179,6052837899185946772
DA:180,6052837899185946772
DA:181,3026418949592973386
DA:182,10736581511651262501
DA:185,6557241057451442267
DA:186,11817445422220181628
DA:187,11817445422220181628
DA:188,13474770085092524125
DA:191,9079256848778919936
DA:193,9079256848778919936
DA:194,8935141660703064137
DA:195,13186539708940812507
DA:197,7061644215716937728
DA:199,17870283321406128128
DA:200,4539628424389459968
DA:204,9223372036854775808
DA:206,13618885273168379904
DA:207,6917529027641081856
DA:208,3819052484010180608
DA:210,13618885273168379904
DA:211,9079256848778919936
DA:213,144115188075855872
DA:216,4611686018427387904
DA:217,13835058055282163712
DA:218,9223372036854775808
DA:219,9223372036854775808
DA:220,9223372036854775808
DA:221,9223372036854775808
DA:222,4611686018427387904
DA:223,4611686018427387904
DA:228,6485183463413514311
DA:234,12970366926827028622
DA:235,12970366926827028622
DA:236,12970366926827028551
DA:237,13979173243358019584
DA:238,1008806316530991104
DA:242,1585267068834414734
DA:243,2738188573441261568
DA:244,7926335344172072960
DA:245,12826251738751172608
DA:248,6269010681299730432
DA:249,6485183463413514240
DA:250,6052837899185946624
DA:251,6124895493223874560
DA:252,18374686479671623609
DA:253,6124895493223874631
DA:255,12177733392409820829
DA:256,6052837899185946340
DA:257,6052837899185946340
DA:260,792633534417207296
DA:261,792633534417207296
DA:262,13546827679130451968
DA:263,720575940379279360
DA:266,6413125869375586304
LF:143
LH:142
end_of_record
TN:
SF:C:\Users\x4g4p\CascadeProjects\lme-rs\src\optimizer.rs
FN:29,compute_theta_lower_bounds
FN:49,clamp_theta
FN:72,<impl CostFunction for LmmObjective>::cost
FN:96,optimize_theta_nd
FN:171,<impl CostFunction for GlmmObjective>::cost
FN:195,optimize_theta_glmm
FNF:6
FNDA:4251398048237748226,compute_theta_lower_bounds
FNDA:6124895493223874560,clamp_theta
FNDA:3386706919782612992,<impl CostFunction for LmmObjective>::cost
FNDA:3891110078048108563,optimize_theta_nd
FNDA:6413125869375586304,<impl CostFunction for GlmmObjective>::cost
FNDA:288230376151711744,optimize_theta_glmm
DA:29,4251398048237748226
DA:30,8502796096475496452
DA:31,12898309332789100542
DA:32,8646911284551352316
DA:33,11817445422220181504
DA:34,7205759403792793602
DA:35,18158513697557839870
DA:37,7493989779944505344
DA:40,3170534137668829182
DA:45,4251398048237748226
DA:49,6124895493223874560
DA:50,4107282860161892378
DA:51,16357073846609641660
DA:52,6052837899185946786
DA:72,3386706919782612992
DA:74,10160120759347838976
DA:75,10160120759347838976
DA:78,6773413839565225984
DA:79,6773413839565225984
DA:80,6773413839565225984
DA:81,6773413839565225984
DA:82,6773413839565225984
DA:84,1873497444986126336
DA:85,6773413839565225984
DA:86,10088063165309911073
DA:88,11745387828182253535
DA:96,3891110078048108563
DA:105,11673330234144325689
DA:108,11673330234144325689
DA:109,11673330234144325689
DA:110,11673330234144325689
DA:111,11673330234144325689
DA:113,7782220156096217126
DA:117,11673330234144325689
DA:118,7782220156096217126
DA:119,15564440312192434252
DA:122,6052837899185946605
DA:123,4323455642275676084
DA:124,2161727821137838042
DA:125,4323455642275676084
DA:126,2161727821137838042
DA:129,11673330234144325689
DA:132,15564440312192434252
DA:133,15564440312192434195
DA:136,11673330234144325689
DA:137,4899916394579099762
DA:138,11673330234144325689
DA:139,11673330234144325689
DA:140,11673330234144325689
DA:141,7782220156096217126
DA:143,3891110078048108563
DA:144,7782220156096217126
DA:145,7782220156096217126
DA:146,3891110078048108563
DA:147,3891110078048108563
DA:171,6413125869375586304
DA:173,792633534417207296
DA:174,792633534417207296
DA:177,12826251738751172608
DA:178,12826251738751172608
DA:179,12826251738751172608
DA:180,12826251738751172608
DA:181,6413125869375586304
DA:183,7998392938210000896
DA:184,12826251738751172608
DA:185,0
DA:187,6413125869375586304
DA:195,288230376151711744
DA:204,864691128455135232
DA:207,864691128455135232
DA:208,864691128455135232
DA:209,864691128455135232
DA:210,864691128455135232
DA:213,288230376151711744
DA:216,864691128455135232
DA:217,576460752303423488
DA:218,1152921504606846976
DA:220,864691128455135232
DA:221,1152921504606846976
DA:222,576460752303423488
DA:223,1152921504606846976
DA:224,576460752303423488
DA:227,864691128455135232
DA:230,1152921504606846976
DA:231,1152921504606846976
DA:234,864691128455135232
DA:235,1729382256910270464
DA:236,864691128455135232
DA:237,864691128455135232
DA:238,864691128455135232
DA:239,576460752303423488
DA:241,288230376151711744
DA:242,576460752303423488
DA:243,576460752303423488
DA:244,288230376151711744
DA:245,288230376151711744
LF:96
LH:95
end_of_record
TN:
SF:C:\Users\x4g4p\CascadeProjects\lme-rs\src\robust.rs
FN:26,compute_robust_se
FNF:1
FNDA:72057594037927936,compute_robust_se
DA:26,72057594037927936
DA:27,216172782113783808
DA:28,216172782113783808
DA:30,288230376151711744
DA:31,72057594037927997
DA:33,144115188075855872
DA:34,648518346341351424
DA:35,648518346341351424
DA:36,216172782113783808
DA:37,72057594037927936
DA:41,432345564227567616
DA:42,72057594037927936
DA:44,288230376151711744
DA:45,144115188075855872
DA:47,216172782113783808
DA:49,72057594037927936
DA:50,72057594037927936
DA:51,576460752303423488
DA:52,288230376151711744
DA:56,216172782113783808
DA:58,13042424520864956416
DA:59,4035225266123964416
DA:60,12105675798371893248
DA:61,9511602413006487552
DA:62,11529215046068469760
DA:66,1441151880758558722
DA:67,3891110078048108544
DA:68,12970366926827028482
DA:69,2305843009213693960
DA:75,0
DA:76,0
DA:77,0
DA:78,0
DA:85,144115188075855872
DA:86,360287970189639680
DA:88,216172782113783808
DA:89,216172782113783808
DA:90,360287970189639680
DA:91,576460752303423488
DA:92,432345564227567616
DA:96,216172782113783808
DA:98,216172782113783808
DA:99,360287970189639680
DA:100,576460752303423488
DA:103,72057594037927936
DA:104,144115188075855872
DA:105,144115188075855872
DA:106,72057594037927936
DA:107,72057594037927936
LF:49
LH:45
end_of_record
TN:
SF:C:\Users\x4g4p\CascadeProjects\lme-rs\src\satterthwaite.rs
FN:13,compute_satterthwaite
FNF:1
FNDA:432345564227567616,compute_satterthwaite
DA:13,432345564227567616
DA:14,864691128455135232
DA:15,72057594037927936
DA:16,72057594037927936
DA:20,1441151880758558720
DA:21,0
DA:24,1369094286720630784
DA:25,144115188075855872
DA:29,864691128455135232
DA:30,1152921504606846976
DA:34,2882303761517117440
DA:36,864691128455135232
DA:38,864691128455135232
DA:39,864691128455135232
DA:42,576460752303423488
DA:45,1729382256910270464
DA:46,2017612633061982208
DA:47,576460752303423488
DA:48,864691128455135232
DA:49,864691128455135232
DA:50,576460752303423488
DA:52,12826251738751172608
DA:53,7349874591868649472
DA:54,6629298651489370112
DA:55,6629298651489370112
DA:56,6629298651489370112
DA:57,13258597302978740224
DA:58,720575940379279360
DA:61,576460752303423488
DA:62,864691128455135232
DA:63,2449958197289549824
DA:64,288230376151711744
DA:67,864691128455135232
DA:68,1297036692682702848
DA:69,4395513236313604096
DA:70,7133701809754865664
DA:71,7133701809754865664
DA:72,7133701809754865664
DA:73,7133701809754865664
DA:75,7421932185906577408
DA:76,8142508126285856768
DA:78,4755801206503243776
DA:79,4755801206503243776
DA:80,4755801206503243776
DA:81,4755801206503243776
DA:83,11889503016258109440
DA:84,11889503016258109440
DA:85,11889503016258109440
DA:86,11889503016258109440
DA:88,7133701809754865664
DA:89,4755801206503243776
DA:90,4755801206503243776
DA:94,3026418949592973312
DA:95,3026418949592973312
DA:96,3314649325744685056
DA:97,1008806316530991104
DA:98,1008806316530991104
DA:100,5044031582654955520
DA:101,5044031582654955520
DA:102,5044031582654955520
DA:104,3026418949592973312
DA:105,2017612633061982208
DA:109,1152921504606846976
DA:110,0
DA:112,576460752303423488
DA:114,2305843009213693952
DA:115,10088063165309911040
DA:116,8070450532247928832
DA:117,8070450532247928832
DA:118,6052837899185946624
DA:119,18158513697557839872
DA:120,2017612633061982208
DA:124,864691128455135232
DA:125,1297036692682702848
DA:126,3026418949592973312
DA:127,3026418949592973312
DA:128,3314649325744685056
DA:129,1008806316530991104
DA:130,1008806316530991104
DA:132,5044031582654955520
DA:133,5044031582654955520
DA:135,5044031582654955520
DA:136,8070450532247928832
DA:141,864691128455135232
DA:142,864691128455135232
DA:144,864691128455135232
DA:145,2305843009213693952
DA:147,1152921504606846976
DA:148,2594073385365405696
DA:149,17005592192950992896
DA:150,11529215046068469760
DA:154,1152921504606846976
DA:155,1152921504606846976
DA:156,432345564227567616
DA:159,288230376151711744
DA:162,1585267068834414592
DA:163,288230376151711744
DA:164,576460752303423488
DA:165,0
DA:168,576460752303423488
DA:171,2305843009213693952
DA:173,2305843009213693952
DA:174,0
DA:175,1441151880758558720
DA:176,2161727821137838080
DA:177,432345564227567616
DA:179,144115188075855872
DA:183,288230376151711744
LF:108
LH:104
end_of_record
